{"meta": {"format": 3, "version": "7.11.1", "timestamp": "2025-11-10T22:21:11.924647", "branch_coverage": true, "show_contexts": false}, "files": {"solutions/Problem_1/__init__.py": {"executed_lines": [1], "summary": {"covered_lines": 0, "num_statements": 0, "percent_covered": 100.0, "percent_covered_display": "100", "missing_lines": 0, "excluded_lines": 0, "num_branches": 0, "num_partial_branches": 0, "covered_branches": 0, "missing_branches": 0}, "missing_lines": [], "excluded_lines": [], "executed_branches": [], "missing_branches": [], "functions": {"": {"executed_lines": [1], "summary": {"covered_lines": 0, "num_statements": 0, "percent_covered": 100.0, "percent_covered_display": "100", "missing_lines": 0, "excluded_lines": 0, "num_branches": 0, "num_partial_branches": 0, "covered_branches": 0, "missing_branches": 0}, "missing_lines": [], "excluded_lines": [], "executed_branches": [], "missing_branches": []}}, "classes": {"": {"executed_lines": [1], "summary": {"covered_lines": 0, "num_statements": 0, "percent_covered": 100.0, "percent_covered_display": "100", "missing_lines": 0, "excluded_lines": 0, "num_branches": 0, "num_partial_branches": 0, "covered_branches": 0, "missing_branches": 0}, "missing_lines": [], "excluded_lines": [], "executed_branches": [], "missing_branches": []}}}, "solutions/Problem_1/claude_prompt_1.py": {"executed_lines": [1, 3, 6, 8, 9, 11, 13, 14, 16, 17, 19], "summary": {"covered_lines": 10, "num_statements": 11, "percent_covered": 84.61538461538461, "percent_covered_display": "85", "missing_lines": 1, "excluded_lines": 0, "num_branches": 2, "num_partial_branches": 1, "covered_branches": 1, "missing_branches": 1}, "missing_lines": [10], "excluded_lines": [], "executed_branches": [[9, 11]], "missing_branches": [[9, 10]], "functions": {"solve": {"executed_lines": [8, 9, 11, 13, 14, 16, 17, 19], "summary": {"covered_lines": 8, "num_statements": 9, "percent_covered": 81.81818181818181, "percent_covered_display": "82", "missing_lines": 1, "excluded_lines": 0, "num_branches": 2, "num_partial_branches": 1, "covered_branches": 1, "missing_branches": 1}, "missing_lines": [10], "excluded_lines": [], "executed_branches": [[9, 11]], "missing_branches": [[9, 10]]}, "": {"executed_lines": [1, 3, 6], "summary": {"covered_lines": 2, "num_statements": 2, "percent_covered": 100.0, "percent_covered_display": "100", "missing_lines": 0, "excluded_lines": 0, "num_branches": 0, "num_partial_branches": 0, "covered_branches": 0, "missing_branches": 0}, "missing_lines": [], "excluded_lines": [], "executed_branches": [], "missing_branches": []}}, "classes": {"": {"executed_lines": [1, 3, 6, 8, 9, 11, 13, 14, 16, 17, 19], "summary": {"covered_lines": 10, "num_statements": 11, "percent_covered": 84.61538461538461, "percent_covered_display": "85", "missing_lines": 1, "excluded_lines": 0, "num_branches": 2, "num_partial_branches": 1, "covered_branches": 1, "missing_branches": 1}, "missing_lines": [10], "excluded_lines": [], "executed_branches": [[9, 11]], "missing_branches": [[9, 10]]}}}, "solutions/Problem_1/claude_prompt_2.py": {"executed_lines": [1, 3, 6, 8, 9, 11, 13, 14, 16, 17, 19], "summary": {"covered_lines": 10, "num_statements": 11, "percent_covered": 84.61538461538461, "percent_covered_display": "85", "missing_lines": 1, "excluded_lines": 0, "num_branches": 2, "num_partial_branches": 1, "covered_branches": 1, "missing_branches": 1}, "missing_lines": [10], "excluded_lines": [], "executed_branches": [[9, 11]], "missing_branches": [[9, 10]], "functions": {"solve": {"executed_lines": [8, 9, 11, 13, 14, 16, 17, 19], "summary": {"covered_lines": 8, "num_statements": 9, "percent_covered": 81.81818181818181, "percent_covered_display": "82", "missing_lines": 1, "excluded_lines": 0, "num_branches": 2, "num_partial_branches": 1, "covered_branches": 1, "missing_branches": 1}, "missing_lines": [10], "excluded_lines": [], "executed_branches": [[9, 11]], "missing_branches": [[9, 10]]}, "": {"executed_lines": [1, 3, 6], "summary": {"covered_lines": 2, "num_statements": 2, "percent_covered": 100.0, "percent_covered_display": "100", "missing_lines": 0, "excluded_lines": 0, "num_branches": 0, "num_partial_branches": 0, "covered_branches": 0, "missing_branches": 0}, "missing_lines": [], "excluded_lines": [], "executed_branches": [], "missing_branches": []}}, "classes": {"": {"executed_lines": [1, 3, 6, 8, 9, 11, 13, 14, 16, 17, 19], "summary": {"covered_lines": 10, "num_statements": 11, "percent_covered": 84.61538461538461, "percent_covered_display": "85", "missing_lines": 1, "excluded_lines": 0, "num_branches": 2, "num_partial_branches": 1, "covered_branches": 1, "missing_branches": 1}, "missing_lines": [10], "excluded_lines": [], "executed_branches": [[9, 11]], "missing_branches": [[9, 10]]}}}, "solutions/Problem_1/gpt_prompt_1.py": {"executed_lines": [1, 3, 6, 8, 9, 12, 13, 14, 15, 16, 17], "summary": {"covered_lines": 10, "num_statements": 11, "percent_covered": 84.61538461538461, "percent_covered_display": "85", "missing_lines": 1, "excluded_lines": 0, "num_branches": 2, "num_partial_branches": 1, "covered_branches": 1, "missing_branches": 1}, "missing_lines": [10], "excluded_lines": [], "executed_branches": [[9, 12]], "missing_branches": [[9, 10]], "functions": {"solve": {"executed_lines": [8, 9, 12, 13, 14, 15, 16, 17], "summary": {"covered_lines": 8, "num_statements": 9, "percent_covered": 81.81818181818181, "percent_covered_display": "82", "missing_lines": 1, "excluded_lines": 0, "num_branches": 2, "num_partial_branches": 1, "covered_branches": 1, "missing_branches": 1}, "missing_lines": [10], "excluded_lines": [], "executed_branches": [[9, 12]], "missing_branches": [[9, 10]]}, "": {"executed_lines": [1, 3, 6], "summary": {"covered_lines": 2, "num_statements": 2, "percent_covered": 100.0, "percent_covered_display": "100", "missing_lines": 0, "excluded_lines": 0, "num_branches": 0, "num_partial_branches": 0, "covered_branches": 0, "missing_branches": 0}, "missing_lines": [], "excluded_lines": [], "executed_branches": [], "missing_branches": []}}, "classes": {"": {"executed_lines": [1, 3, 6, 8, 9, 12, 13, 14, 15, 16, 17], "summary": {"covered_lines": 10, "num_statements": 11, "percent_covered": 84.61538461538461, "percent_covered_display": "85", "missing_lines": 1, "excluded_lines": 0, "num_branches": 2, "num_partial_branches": 1, "covered_branches": 1, "missing_branches": 1}, "missing_lines": [10], "excluded_lines": [], "executed_branches": [[9, 12]], "missing_branches": [[9, 10]]}}}, "solutions/Problem_1/gpt_prompt_2.py": {"executed_lines": [1, 3, 6, 8, 9, 11, 14, 15, 18, 19, 20], "summary": {"covered_lines": 10, "num_statements": 11, "percent_covered": 84.61538461538461, "percent_covered_display": "85", "missing_lines": 1, "excluded_lines": 0, "num_branches": 2, "num_partial_branches": 1, "covered_branches": 1, "missing_branches": 1}, "missing_lines": [10], "excluded_lines": [], "executed_branches": [[9, 11]], "missing_branches": [[9, 10]], "functions": {"solve": {"executed_lines": [8, 9, 11, 14, 15, 18, 19, 20], "summary": {"covered_lines": 8, "num_statements": 9, "percent_covered": 81.81818181818181, "percent_covered_display": "82", "missing_lines": 1, "excluded_lines": 0, "num_branches": 2, "num_partial_branches": 1, "covered_branches": 1, "missing_branches": 1}, "missing_lines": [10], "excluded_lines": [], "executed_branches": [[9, 11]], "missing_branches": [[9, 10]]}, "": {"executed_lines": [1, 3, 6], "summary": {"covered_lines": 2, "num_statements": 2, "percent_covered": 100.0, "percent_covered_display": "100", "missing_lines": 0, "excluded_lines": 0, "num_branches": 0, "num_partial_branches": 0, "covered_branches": 0, "missing_branches": 0}, "missing_lines": [], "excluded_lines": [], "executed_branches": [], "missing_branches": []}}, "classes": {"": {"executed_lines": [1, 3, 6, 8, 9, 11, 14, 15, 18, 19, 20], "summary": {"covered_lines": 10, "num_statements": 11, "percent_covered": 84.61538461538461, "percent_covered_display": "85", "missing_lines": 1, "excluded_lines": 0, "num_branches": 2, "num_partial_branches": 1, "covered_branches": 1, "missing_branches": 1}, "missing_lines": [10], "excluded_lines": [], "executed_branches": [[9, 11]], "missing_branches": [[9, 10]]}}}, "solutions/Problem_10/__init__.py": {"executed_lines": [1], "summary": {"covered_lines": 0, "num_statements": 0, "percent_covered": 100.0, "percent_covered_display": "100", "missing_lines": 0, "excluded_lines": 0, "num_branches": 0, "num_partial_branches": 0, "covered_branches": 0, "missing_branches": 0}, "missing_lines": [], "excluded_lines": [], "executed_branches": [], "missing_branches": [], "functions": {"": {"executed_lines": [1], "summary": {"covered_lines": 0, "num_statements": 0, "percent_covered": 100.0, "percent_covered_display": "100", "missing_lines": 0, "excluded_lines": 0, "num_branches": 0, "num_partial_branches": 0, "covered_branches": 0, "missing_branches": 0}, "missing_lines": [], "excluded_lines": [], "executed_branches": [], "missing_branches": []}}, "classes": {"": {"executed_lines": [1], "summary": {"covered_lines": 0, "num_statements": 0, "percent_covered": 100.0, "percent_covered_display": "100", "missing_lines": 0, "excluded_lines": 0, "num_branches": 0, "num_partial_branches": 0, "covered_branches": 0, "missing_branches": 0}, "missing_lines": [], "excluded_lines": [], "executed_branches": [], "missing_branches": []}}}, "solutions/Problem_10/claude_prompt_1.py": {"executed_lines": [1, 3, 6, 8, 9, 10, 11, 12, 13], "summary": {"covered_lines": 8, "num_statements": 8, "percent_covered": 100.0, "percent_covered_display": "100", "missing_lines": 0, "excluded_lines": 0, "num_branches": 0, "num_partial_branches": 0, "covered_branches": 0, "missing_branches": 0}, "missing_lines": [], "excluded_lines": [], "executed_branches": [], "missing_branches": [], "functions": {"solve": {"executed_lines": [8, 9, 10, 11, 12, 13], "summary": {"covered_lines": 6, "num_statements": 6, "percent_covered": 100.0, "percent_covered_display": "100", "missing_lines": 0, "excluded_lines": 0, "num_branches": 0, "num_partial_branches": 0, "covered_branches": 0, "missing_branches": 0}, "missing_lines": [], "excluded_lines": [], "executed_branches": [], "missing_branches": []}, "": {"executed_lines": [1, 3, 6], "summary": {"covered_lines": 2, "num_statements": 2, "percent_covered": 100.0, "percent_covered_display": "100", "missing_lines": 0, "excluded_lines": 0, "num_branches": 0, "num_partial_branches": 0, "covered_branches": 0, "missing_branches": 0}, "missing_lines": [], "excluded_lines": [], "executed_branches": [], "missing_branches": []}}, "classes": {"": {"executed_lines": [1, 3, 6, 8, 9, 10, 11, 12, 13], "summary": {"covered_lines": 8, "num_statements": 8, "percent_covered": 100.0, "percent_covered_display": "100", "missing_lines": 0, "excluded_lines": 0, "num_branches": 0, "num_partial_branches": 0, "covered_branches": 0, "missing_branches": 0}, "missing_lines": [], "excluded_lines": [], "executed_branches": [], "missing_branches": []}}}, "solutions/Problem_10/claude_prompt_2.py": {"executed_lines": [1, 3, 5, 7, 8, 9, 10, 11, 12], "summary": {"covered_lines": 8, "num_statements": 8, "percent_covered": 100.0, "percent_covered_display": "100", "missing_lines": 0, "excluded_lines": 0, "num_branches": 0, "num_partial_branches": 0, "covered_branches": 0, "missing_branches": 0}, "missing_lines": [], "excluded_lines": [], "executed_branches": [], "missing_branches": [], "functions": {"solve": {"executed_lines": [7, 8, 9, 10, 11, 12], "summary": {"covered_lines": 6, "num_statements": 6, "percent_covered": 100.0, "percent_covered_display": "100", "missing_lines": 0, "excluded_lines": 0, "num_branches": 0, "num_partial_branches": 0, "covered_branches": 0, "missing_branches": 0}, "missing_lines": [], "excluded_lines": [], "executed_branches": [], "missing_branches": []}, "": {"executed_lines": [1, 3, 5], "summary": {"covered_lines": 2, "num_statements": 2, "percent_covered": 100.0, "percent_covered_display": "100", "missing_lines": 0, "excluded_lines": 0, "num_branches": 0, "num_partial_branches": 0, "covered_branches": 0, "missing_branches": 0}, "missing_lines": [], "excluded_lines": [], "executed_branches": [], "missing_branches": []}}, "classes": {"": {"executed_lines": [1, 3, 5, 7, 8, 9, 10, 11, 12], "summary": {"covered_lines": 8, "num_statements": 8, "percent_covered": 100.0, "percent_covered_display": "100", "missing_lines": 0, "excluded_lines": 0, "num_branches": 0, "num_partial_branches": 0, "covered_branches": 0, "missing_branches": 0}, "missing_lines": [], "excluded_lines": [], "executed_branches": [], "missing_branches": []}}}, "solutions/Problem_10/gpt_prompt_1.py": {"executed_lines": [1, 3, 5, 7, 8, 9, 10, 11, 12], "summary": {"covered_lines": 8, "num_statements": 8, "percent_covered": 100.0, "percent_covered_display": "100", "missing_lines": 0, "excluded_lines": 0, "num_branches": 0, "num_partial_branches": 0, "covered_branches": 0, "missing_branches": 0}, "missing_lines": [], "excluded_lines": [], "executed_branches": [], "missing_branches": [], "functions": {"solve": {"executed_lines": [7, 8, 9, 10, 11, 12], "summary": {"covered_lines": 6, "num_statements": 6, "percent_covered": 100.0, "percent_covered_display": "100", "missing_lines": 0, "excluded_lines": 0, "num_branches": 0, "num_partial_branches": 0, "covered_branches": 0, "missing_branches": 0}, "missing_lines": [], "excluded_lines": [], "executed_branches": [], "missing_branches": []}, "": {"executed_lines": [1, 3, 5], "summary": {"covered_lines": 2, "num_statements": 2, "percent_covered": 100.0, "percent_covered_display": "100", "missing_lines": 0, "excluded_lines": 0, "num_branches": 0, "num_partial_branches": 0, "covered_branches": 0, "missing_branches": 0}, "missing_lines": [], "excluded_lines": [], "executed_branches": [], "missing_branches": []}}, "classes": {"": {"executed_lines": [1, 3, 5, 7, 8, 9, 10, 11, 12], "summary": {"covered_lines": 8, "num_statements": 8, "percent_covered": 100.0, "percent_covered_display": "100", "missing_lines": 0, "excluded_lines": 0, "num_branches": 0, "num_partial_branches": 0, "covered_branches": 0, "missing_branches": 0}, "missing_lines": [], "excluded_lines": [], "executed_branches": [], "missing_branches": []}}}, "solutions/Problem_10/gpt_prompt_2.py": {"executed_lines": [1, 3, 5, 7, 8, 9, 10, 11, 12], "summary": {"covered_lines": 8, "num_statements": 8, "percent_covered": 100.0, "percent_covered_display": "100", "missing_lines": 0, "excluded_lines": 0, "num_branches": 0, "num_partial_branches": 0, "covered_branches": 0, "missing_branches": 0}, "missing_lines": [], "excluded_lines": [], "executed_branches": [], "missing_branches": [], "functions": {"solve": {"executed_lines": [7, 8, 9, 10, 11, 12], "summary": {"covered_lines": 6, "num_statements": 6, "percent_covered": 100.0, "percent_covered_display": "100", "missing_lines": 0, "excluded_lines": 0, "num_branches": 0, "num_partial_branches": 0, "covered_branches": 0, "missing_branches": 0}, "missing_lines": [], "excluded_lines": [], "executed_branches": [], "missing_branches": []}, "": {"executed_lines": [1, 3, 5], "summary": {"covered_lines": 2, "num_statements": 2, "percent_covered": 100.0, "percent_covered_display": "100", "missing_lines": 0, "excluded_lines": 0, "num_branches": 0, "num_partial_branches": 0, "covered_branches": 0, "missing_branches": 0}, "missing_lines": [], "excluded_lines": [], "executed_branches": [], "missing_branches": []}}, "classes": {"": {"executed_lines": [1, 3, 5, 7, 8, 9, 10, 11, 12], "summary": {"covered_lines": 8, "num_statements": 8, "percent_covered": 100.0, "percent_covered_display": "100", "missing_lines": 0, "excluded_lines": 0, "num_branches": 0, "num_partial_branches": 0, "covered_branches": 0, "missing_branches": 0}, "missing_lines": [], "excluded_lines": [], "executed_branches": [], "missing_branches": []}}}, "solutions/Problem_2/__init__.py": {"executed_lines": [1], "summary": {"covered_lines": 0, "num_statements": 0, "percent_covered": 100.0, "percent_covered_display": "100", "missing_lines": 0, "excluded_lines": 0, "num_branches": 0, "num_partial_branches": 0, "covered_branches": 0, "missing_branches": 0}, "missing_lines": [], "excluded_lines": [], "executed_branches": [], "missing_branches": [], "functions": {"": {"executed_lines": [1], "summary": {"covered_lines": 0, "num_statements": 0, "percent_covered": 100.0, "percent_covered_display": "100", "missing_lines": 0, "excluded_lines": 0, "num_branches": 0, "num_partial_branches": 0, "covered_branches": 0, "missing_branches": 0}, "missing_lines": [], "excluded_lines": [], "executed_branches": [], "missing_branches": []}}, "classes": {"": {"executed_lines": [1], "summary": {"covered_lines": 0, "num_statements": 0, "percent_covered": 100.0, "percent_covered_display": "100", "missing_lines": 0, "excluded_lines": 0, "num_branches": 0, "num_partial_branches": 0, "covered_branches": 0, "missing_branches": 0}, "missing_lines": [], "excluded_lines": [], "executed_branches": [], "missing_branches": []}}}, "solutions/Problem_2/claude_prompt_1.py": {"executed_lines": [1, 3, 6, 8, 9, 10, 11, 13, 14, 16, 19, 20, 21, 29, 31, 34, 37], "summary": {"covered_lines": 16, "num_statements": 16, "percent_covered": 100.0, "percent_covered_display": "100", "missing_lines": 0, "excluded_lines": 0, "num_branches": 4, "num_partial_branches": 0, "covered_branches": 4, "missing_branches": 0}, "missing_lines": [], "excluded_lines": [], "executed_branches": [[9, 10], [9, 11], [29, 31], [29, 34]], "missing_branches": [], "functions": {"solve": {"executed_lines": [8, 13, 16, 19, 20, 21, 29, 31, 34, 37], "summary": {"covered_lines": 10, "num_statements": 10, "percent_covered": 100.0, "percent_covered_display": "100", "missing_lines": 0, "excluded_lines": 0, "num_branches": 2, "num_partial_branches": 0, "covered_branches": 2, "missing_branches": 0}, "missing_lines": [], "excluded_lines": [], "executed_branches": [[29, 31], [29, 34]], "missing_branches": []}, "solve.gcd": {"executed_lines": [9, 10, 11], "summary": {"covered_lines": 3, "num_statements": 3, "percent_covered": 100.0, "percent_covered_display": "100", "missing_lines": 0, "excluded_lines": 0, "num_branches": 2, "num_partial_branches": 0, "covered_branches": 2, "missing_branches": 0}, "missing_lines": [], "excluded_lines": [], "executed_branches": [[9, 10], [9, 11]], "missing_branches": []}, "solve.lcm": {"executed_lines": [14], "summary": {"covered_lines": 1, "num_statements": 1, "percent_covered": 100.0, "percent_covered_display": "100", "missing_lines": 0, "excluded_lines": 0, "num_branches": 0, "num_partial_branches": 0, "covered_branches": 0, "missing_branches": 0}, "missing_lines": [], "excluded_lines": [], "executed_branches": [], "missing_branches": []}, "": {"executed_lines": [1, 3, 6], "summary": {"covered_lines": 2, "num_statements": 2, "percent_covered": 100.0, "percent_covered_display": "100", "missing_lines": 0, "excluded_lines": 0, "num_branches": 0, "num_partial_branches": 0, "covered_branches": 0, "missing_branches": 0}, "missing_lines": [], "excluded_lines": [], "executed_branches": [], "missing_branches": []}}, "classes": {"": {"executed_lines": [1, 3, 6, 8, 9, 10, 11, 13, 14, 16, 19, 20, 21, 29, 31, 34, 37], "summary": {"covered_lines": 16, "num_statements": 16, "percent_covered": 100.0, "percent_covered_display": "100", "missing_lines": 0, "excluded_lines": 0, "num_branches": 4, "num_partial_branches": 0, "covered_branches": 4, "missing_branches": 0}, "missing_lines": [], "excluded_lines": [], "executed_branches": [[9, 10], [9, 11], [29, 31], [29, 34]], "missing_branches": []}}}, "solutions/Problem_2/claude_prompt_2.py": {"executed_lines": [1, 3, 4, 7, 11, 14, 17, 18, 19, 22, 23, 29, 31], "summary": {"covered_lines": 12, "num_statements": 12, "percent_covered": 100.0, "percent_covered_display": "100", "missing_lines": 0, "excluded_lines": 0, "num_branches": 0, "num_partial_branches": 0, "covered_branches": 0, "missing_branches": 0}, "missing_lines": [], "excluded_lines": [], "executed_branches": [], "missing_branches": [], "functions": {"solve": {"executed_lines": [11, 14, 17, 18, 19, 22, 23, 29, 31], "summary": {"covered_lines": 9, "num_statements": 9, "percent_covered": 100.0, "percent_covered_display": "100", "missing_lines": 0, "excluded_lines": 0, "num_branches": 0, "num_partial_branches": 0, "covered_branches": 0, "missing_branches": 0}, "missing_lines": [], "excluded_lines": [], "executed_branches": [], "missing_branches": []}, "": {"executed_lines": [1, 3, 4, 7], "summary": {"covered_lines": 3, "num_statements": 3, "percent_covered": 100.0, "percent_covered_display": "100", "missing_lines": 0, "excluded_lines": 0, "num_branches": 0, "num_partial_branches": 0, "covered_branches": 0, "missing_branches": 0}, "missing_lines": [], "excluded_lines": [], "executed_branches": [], "missing_branches": []}}, "classes": {"": {"executed_lines": [1, 3, 4, 7, 11, 14, 17, 18, 19, 22, 23, 29, 31], "summary": {"covered_lines": 12, "num_statements": 12, "percent_covered": 100.0, "percent_covered_display": "100", "missing_lines": 0, "excluded_lines": 0, "num_branches": 0, "num_partial_branches": 0, "covered_branches": 0, "missing_branches": 0}, "missing_lines": [], "excluded_lines": [], "executed_branches": [], "missing_branches": []}}}, "solutions/Problem_2/gpt_prompt_1.py": {"executed_lines": [1, 3, 4, 7, 9, 10, 11, 12, 13, 14, 15, 16, 17, 18], "summary": {"covered_lines": 13, "num_statements": 13, "percent_covered": 100.0, "percent_covered_display": "100", "missing_lines": 0, "excluded_lines": 0, "num_branches": 0, "num_partial_branches": 0, "covered_branches": 0, "missing_branches": 0}, "missing_lines": [], "excluded_lines": [], "executed_branches": [], "missing_branches": [], "functions": {"solve": {"executed_lines": [9, 10, 11, 12, 13, 14, 15, 16, 17, 18], "summary": {"covered_lines": 10, "num_statements": 10, "percent_covered": 100.0, "percent_covered_display": "100", "missing_lines": 0, "excluded_lines": 0, "num_branches": 0, "num_partial_branches": 0, "covered_branches": 0, "missing_branches": 0}, "missing_lines": [], "excluded_lines": [], "executed_branches": [], "missing_branches": []}, "": {"executed_lines": [1, 3, 4, 7], "summary": {"covered_lines": 3, "num_statements": 3, "percent_covered": 100.0, "percent_covered_display": "100", "missing_lines": 0, "excluded_lines": 0, "num_branches": 0, "num_partial_branches": 0, "covered_branches": 0, "missing_branches": 0}, "missing_lines": [], "excluded_lines": [], "executed_branches": [], "missing_branches": []}}, "classes": {"": {"executed_lines": [1, 3, 4, 7, 9, 10, 11, 12, 13, 14, 15, 16, 17, 18], "summary": {"covered_lines": 13, "num_statements": 13, "percent_covered": 100.0, "percent_covered_display": "100", "missing_lines": 0, "excluded_lines": 0, "num_branches": 0, "num_partial_branches": 0, "covered_branches": 0, "missing_branches": 0}, "missing_lines": [], "excluded_lines": [], "executed_branches": [], "missing_branches": []}}}, "solutions/Problem_2/gpt_prompt_2.py": {"executed_lines": [1, 3, 4, 7, 9, 12, 13, 14, 17, 18, 20, 23], "summary": {"covered_lines": 11, "num_statements": 11, "percent_covered": 100.0, "percent_covered_display": "100", "missing_lines": 0, "excluded_lines": 0, "num_branches": 2, "num_partial_branches": 0, "covered_branches": 2, "missing_branches": 0}, "missing_lines": [], "excluded_lines": [], "executed_branches": [[17, 18], [17, 20]], "missing_branches": [], "functions": {"solve": {"executed_lines": [9, 12, 13, 14, 17, 18, 20, 23], "summary": {"covered_lines": 8, "num_statements": 8, "percent_covered": 100.0, "percent_covered_display": "100", "missing_lines": 0, "excluded_lines": 0, "num_branches": 2, "num_partial_branches": 0, "covered_branches": 2, "missing_branches": 0}, "missing_lines": [], "excluded_lines": [], "executed_branches": [[17, 18], [17, 20]], "missing_branches": []}, "": {"executed_lines": [1, 3, 4, 7], "summary": {"covered_lines": 3, "num_statements": 3, "percent_covered": 100.0, "percent_covered_display": "100", "missing_lines": 0, "excluded_lines": 0, "num_branches": 0, "num_partial_branches": 0, "covered_branches": 0, "missing_branches": 0}, "missing_lines": [], "excluded_lines": [], "executed_branches": [], "missing_branches": []}}, "classes": {"": {"executed_lines": [1, 3, 4, 7, 9, 12, 13, 14, 17, 18, 20, 23], "summary": {"covered_lines": 11, "num_statements": 11, "percent_covered": 100.0, "percent_covered_display": "100", "missing_lines": 0, "excluded_lines": 0, "num_branches": 2, "num_partial_branches": 0, "covered_branches": 2, "missing_branches": 0}, "missing_lines": [], "excluded_lines": [], "executed_branches": [[17, 18], [17, 20]], "missing_branches": []}}}, "solutions/Problem_3/__init__.py": {"executed_lines": [1], "summary": {"covered_lines": 0, "num_statements": 0, "percent_covered": 100.0, "percent_covered_display": "100", "missing_lines": 0, "excluded_lines": 0, "num_branches": 0, "num_partial_branches": 0, "covered_branches": 0, "missing_branches": 0}, "missing_lines": [], "excluded_lines": [], "executed_branches": [], "missing_branches": [], "functions": {"": {"executed_lines": [1], "summary": {"covered_lines": 0, "num_statements": 0, "percent_covered": 100.0, "percent_covered_display": "100", "missing_lines": 0, "excluded_lines": 0, "num_branches": 0, "num_partial_branches": 0, "covered_branches": 0, "missing_branches": 0}, "missing_lines": [], "excluded_lines": [], "executed_branches": [], "missing_branches": []}}, "classes": {"": {"executed_lines": [1], "summary": {"covered_lines": 0, "num_statements": 0, "percent_covered": 100.0, "percent_covered_display": "100", "missing_lines": 0, "excluded_lines": 0, "num_branches": 0, "num_partial_branches": 0, "covered_branches": 0, "missing_branches": 0}, "missing_lines": [], "excluded_lines": [], "executed_branches": [], "missing_branches": []}}}, "solutions/Problem_3/claude_prompt_1.py": {"executed_lines": [1, 3, 6, 8, 9, 11, 12, 15, 18, 19, 20, 21, 24, 25, 26, 27, 28, 29, 30, 31, 33, 35, 38, 39, 40, 43, 45, 48, 49, 51, 54, 55, 56, 58], "summary": {"covered_lines": 33, "num_statements": 34, "percent_covered": 96.42857142857143, "percent_covered_display": "96", "missing_lines": 1, "excluded_lines": 0, "num_branches": 22, "num_partial_branches": 1, "covered_branches": 21, "missing_branches": 1}, "missing_lines": [10], "excluded_lines": [], "executed_branches": [[9, 11], [18, 19], [18, 20], [20, 21], [20, 24], [26, 27], [26, 35], [27, 28], [27, 33], [29, 30], [29, 31], [38, 39], [38, 54], [43, 38], [43, 45], [48, 49], [48, 51], [54, 55], [54, 58], [55, 54], [55, 56]], "missing_branches": [[9, 10]], "functions": {"solve": {"executed_lines": [8, 9, 11, 12, 15, 18, 19, 20, 21, 24, 25, 26, 27, 28, 29, 30, 31, 33, 35, 38, 39, 40, 43, 45, 48, 49, 51, 54, 55, 56, 58], "summary": {"covered_lines": 31, "num_statements": 32, "percent_covered": 96.29629629629629, "percent_covered_display": "96", "missing_lines": 1, "excluded_lines": 0, "num_branches": 22, "num_partial_branches": 1, "covered_branches": 21, "missing_branches": 1}, "missing_lines": [10], "excluded_lines": [], "executed_branches": [[9, 11], [18, 19], [18, 20], [20, 21], [20, 24], [26, 27], [26, 35], [27, 28], [27, 33], [29, 30], [29, 31], [38, 39], [38, 54], [43, 38], [43, 45], [48, 49], [48, 51], [54, 55], [54, 58], [55, 54], [55, 56]], "missing_branches": [[9, 10]]}, "": {"executed_lines": [1, 3, 6], "summary": {"covered_lines": 2, "num_statements": 2, "percent_covered": 100.0, "percent_covered_display": "100", "missing_lines": 0, "excluded_lines": 0, "num_branches": 0, "num_partial_branches": 0, "covered_branches": 0, "missing_branches": 0}, "missing_lines": [], "excluded_lines": [], "executed_branches": [], "missing_branches": []}}, "classes": {"": {"executed_lines": [1, 3, 6, 8, 9, 11, 12, 15, 18, 19, 20, 21, 24, 25, 26, 27, 28, 29, 30, 31, 33, 35, 38, 39, 40, 43, 45, 48, 49, 51, 54, 55, 56, 58], "summary": {"covered_lines": 33, "num_statements": 34, "percent_covered": 96.42857142857143, "percent_covered_display": "96", "missing_lines": 1, "excluded_lines": 0, "num_branches": 22, "num_partial_branches": 1, "covered_branches": 21, "missing_branches": 1}, "missing_lines": [10], "excluded_lines": [], "executed_branches": [[9, 11], [18, 19], [18, 20], [20, 21], [20, 24], [26, 27], [26, 35], [27, 28], [27, 33], [29, 30], [29, 31], [38, 39], [38, 54], [43, 38], [43, 45], [48, 49], [48, 51], [54, 55], [54, 58], [55, 54], [55, 56]], "missing_branches": [[9, 10]]}}}, "solutions/Problem_3/claude_prompt_2.py": {"executed_lines": [1, 3, 6, 9, 10, 12, 13, 15, 18, 19, 20, 21, 23, 28, 29, 30, 32, 33, 34, 35, 38, 39, 41, 42, 43, 44, 46, 48, 50, 51, 52, 55, 56, 59, 60, 62, 64, 66], "summary": {"covered_lines": 37, "num_statements": 38, "percent_covered": 96.7741935483871, "percent_covered_display": "97", "missing_lines": 1, "excluded_lines": 0, "num_branches": 24, "num_partial_branches": 1, "covered_branches": 23, "missing_branches": 1}, "missing_lines": [11], "excluded_lines": [], "executed_branches": [[10, 12], [18, 19], [18, 20], [20, 21], [20, 23], [29, 30], [29, 66], [30, 32], [30, 64], [33, 34], [33, 38], [38, 39], [38, 59], [42, 43], [42, 46], [46, 48], [46, 55], [50, 51], [50, 52], [55, 29], [55, 56], [59, 60], [59, 62]], "missing_branches": [[10, 11]], "functions": {"solve": {"executed_lines": [9, 10, 12, 13, 15, 18, 19, 20, 21, 23, 28, 29, 30, 32, 33, 34, 35, 38, 39, 41, 42, 43, 44, 46, 48, 50, 51, 52, 55, 56, 59, 60, 62, 64, 66], "summary": {"covered_lines": 35, "num_statements": 36, "percent_covered": 96.66666666666667, "percent_covered_display": "97", "missing_lines": 1, "excluded_lines": 0, "num_branches": 24, "num_partial_branches": 1, "covered_branches": 23, "missing_branches": 1}, "missing_lines": [11], "excluded_lines": [], "executed_branches": [[10, 12], [18, 19], [18, 20], [20, 21], [20, 23], [29, 30], [29, 66], [30, 32], [30, 64], [33, 34], [33, 38], [38, 39], [38, 59], [42, 43], [42, 46], [46, 48], [46, 55], [50, 51], [50, 52], [55, 29], [55, 56], [59, 60], [59, 62]], "missing_branches": [[10, 11]]}, "": {"executed_lines": [1, 3, 6], "summary": {"covered_lines": 2, "num_statements": 2, "percent_covered": 100.0, "percent_covered_display": "100", "missing_lines": 0, "excluded_lines": 0, "num_branches": 0, "num_partial_branches": 0, "covered_branches": 0, "missing_branches": 0}, "missing_lines": [], "excluded_lines": [], "executed_branches": [], "missing_branches": []}}, "classes": {"": {"executed_lines": [1, 3, 6, 9, 10, 12, 13, 15, 18, 19, 20, 21, 23, 28, 29, 30, 32, 33, 34, 35, 38, 39, 41, 42, 43, 44, 46, 48, 50, 51, 52, 55, 56, 59, 60, 62, 64, 66], "summary": {"covered_lines": 37, "num_statements": 38, "percent_covered": 96.7741935483871, "percent_covered_display": "97", "missing_lines": 1, "excluded_lines": 0, "num_branches": 24, "num_partial_branches": 1, "covered_branches": 23, "missing_branches": 1}, "missing_lines": [11], "excluded_lines": [], "executed_branches": [[10, 12], [18, 19], [18, 20], [20, 21], [20, 23], [29, 30], [29, 66], [30, 32], [30, 64], [33, 34], [33, 38], [38, 39], [38, 59], [42, 43], [42, 46], [46, 48], [46, 55], [50, 51], [50, 52], [55, 29], [55, 56], [59, 60], [59, 62]], "missing_branches": [[10, 11]]}}}, "solutions/Problem_3/gpt_prompt_1.py": {"executed_lines": [1, 3, 6, 8, 9, 11, 12, 14, 15, 18, 19, 20, 22, 23, 24, 25, 26, 28, 29, 30, 31, 32, 35, 38, 40, 41, 42, 43, 44, 45, 47, 48, 49, 50, 51, 53, 54, 55, 56, 58], "summary": {"covered_lines": 39, "num_statements": 40, "percent_covered": 96.875, "percent_covered_display": "97", "missing_lines": 1, "excluded_lines": 0, "num_branches": 24, "num_partial_branches": 1, "covered_branches": 23, "missing_branches": 1}, "missing_lines": [10], "excluded_lines": [], "executed_branches": [[9, 11], [18, 19], [18, 25], [19, 20], [19, 22], [22, 18], [22, 23], [25, 26], [25, 28], [29, 30], [29, 31], [31, 32], [31, 35], [38, 40], [38, 58], [40, 38], [40, 41], [43, 44], [43, 47], [49, 50], [49, 53], [54, 55], [54, 56]], "missing_branches": [[9, 10]], "functions": {"solve": {"executed_lines": [8, 9, 11, 12, 14, 15, 18, 19, 20, 22, 23, 24, 25, 26, 28, 29, 30, 31, 32, 35, 38, 40, 41, 42, 43, 44, 45, 47, 48, 49, 50, 51, 53, 54, 55, 56, 58], "summary": {"covered_lines": 37, "num_statements": 38, "percent_covered": 96.7741935483871, "percent_covered_display": "97", "missing_lines": 1, "excluded_lines": 0, "num_branches": 24, "num_partial_branches": 1, "covered_branches": 23, "missing_branches": 1}, "missing_lines": [10], "excluded_lines": [], "executed_branches": [[9, 11], [18, 19], [18, 25], [19, 20], [19, 22], [22, 18], [22, 23], [25, 26], [25, 28], [29, 30], [29, 31], [31, 32], [31, 35], [38, 40], [38, 58], [40, 38], [40, 41], [43, 44], [43, 47], [49, 50], [49, 53], [54, 55], [54, 56]], "missing_branches": [[9, 10]]}, "": {"executed_lines": [1, 3, 6], "summary": {"covered_lines": 2, "num_statements": 2, "percent_covered": 100.0, "percent_covered_display": "100", "missing_lines": 0, "excluded_lines": 0, "num_branches": 0, "num_partial_branches": 0, "covered_branches": 0, "missing_branches": 0}, "missing_lines": [], "excluded_lines": [], "executed_branches": [], "missing_branches": []}}, "classes": {"": {"executed_lines": [1, 3, 6, 8, 9, 11, 12, 14, 15, 18, 19, 20, 22, 23, 24, 25, 26, 28, 29, 30, 31, 32, 35, 38, 40, 41, 42, 43, 44, 45, 47, 48, 49, 50, 51, 53, 54, 55, 56, 58], "summary": {"covered_lines": 39, "num_statements": 40, "percent_covered": 96.875, "percent_covered_display": "97", "missing_lines": 1, "excluded_lines": 0, "num_branches": 24, "num_partial_branches": 1, "covered_branches": 23, "missing_branches": 1}, "missing_lines": [10], "excluded_lines": [], "executed_branches": [[9, 11], [18, 19], [18, 25], [19, 20], [19, 22], [22, 18], [22, 23], [25, 26], [25, 28], [29, 30], [29, 31], [31, 32], [31, 35], [38, 40], [38, 58], [40, 38], [40, 41], [43, 44], [43, 47], [49, 50], [49, 53], [54, 55], [54, 56]], "missing_branches": [[9, 10]]}}}, "solutions/Problem_3/gpt_prompt_2.py": {"executed_lines": [1, 3, 6, 8, 9, 11, 12, 15, 18, 19, 20, 21, 24, 26, 27, 29, 30, 31, 32, 33, 36, 37, 38, 39, 40, 42, 44, 45, 46, 49, 50, 51, 52, 53, 55, 58], "summary": {"covered_lines": 35, "num_statements": 36, "percent_covered": 96.42857142857143, "percent_covered_display": "96", "missing_lines": 1, "excluded_lines": 0, "num_branches": 20, "num_partial_branches": 1, "covered_branches": 19, "missing_branches": 1}, "missing_lines": [10], "excluded_lines": [], "executed_branches": [[9, 11], [18, 19], [18, 20], [20, 21], [20, 24], [26, 27], [26, 49], [27, 26], [27, 29], [31, 32], [31, 36], [38, 39], [38, 42], [44, 45], [44, 46], [50, 51], [50, 58], [51, 52], [51, 55]], "missing_branches": [[9, 10]], "functions": {"solve": {"executed_lines": [8, 9, 11, 12, 15, 18, 19, 20, 21, 24, 26, 27, 29, 30, 31, 32, 33, 36, 37, 38, 39, 40, 42, 44, 45, 46, 49, 50, 51, 52, 53, 55, 58], "summary": {"covered_lines": 33, "num_statements": 34, "percent_covered": 96.29629629629629, "percent_covered_display": "96", "missing_lines": 1, "excluded_lines": 0, "num_branches": 20, "num_partial_branches": 1, "covered_branches": 19, "missing_branches": 1}, "missing_lines": [10], "excluded_lines": [], "executed_branches": [[9, 11], [18, 19], [18, 20], [20, 21], [20, 24], [26, 27], [26, 49], [27, 26], [27, 29], [31, 32], [31, 36], [38, 39], [38, 42], [44, 45], [44, 46], [50, 51], [50, 58], [51, 52], [51, 55]], "missing_branches": [[9, 10]]}, "": {"executed_lines": [1, 3, 6], "summary": {"covered_lines": 2, "num_statements": 2, "percent_covered": 100.0, "percent_covered_display": "100", "missing_lines": 0, "excluded_lines": 0, "num_branches": 0, "num_partial_branches": 0, "covered_branches": 0, "missing_branches": 0}, "missing_lines": [], "excluded_lines": [], "executed_branches": [], "missing_branches": []}}, "classes": {"": {"executed_lines": [1, 3, 6, 8, 9, 11, 12, 15, 18, 19, 20, 21, 24, 26, 27, 29, 30, 31, 32, 33, 36, 37, 38, 39, 40, 42, 44, 45, 46, 49, 50, 51, 52, 53, 55, 58], "summary": {"covered_lines": 35, "num_statements": 36, "percent_covered": 96.42857142857143, "percent_covered_display": "96", "missing_lines": 1, "excluded_lines": 0, "num_branches": 20, "num_partial_branches": 1, "covered_branches": 19, "missing_branches": 1}, "missing_lines": [10], "excluded_lines": [], "executed_branches": [[9, 11], [18, 19], [18, 20], [20, 21], [20, 24], [26, 27], [26, 49], [27, 26], [27, 29], [31, 32], [31, 36], [38, 39], [38, 42], [44, 45], [44, 46], [50, 51], [50, 58], [51, 52], [51, 55]], "missing_branches": [[9, 10]]}}}, "solutions/Problem_4/__init__.py": {"executed_lines": [1], "summary": {"covered_lines": 0, "num_statements": 0, "percent_covered": 100.0, "percent_covered_display": "100", "missing_lines": 0, "excluded_lines": 0, "num_branches": 0, "num_partial_branches": 0, "covered_branches": 0, "missing_branches": 0}, "missing_lines": [], "excluded_lines": [], "executed_branches": [], "missing_branches": [], "functions": {"": {"executed_lines": [1], "summary": {"covered_lines": 0, "num_statements": 0, "percent_covered": 100.0, "percent_covered_display": "100", "missing_lines": 0, "excluded_lines": 0, "num_branches": 0, "num_partial_branches": 0, "covered_branches": 0, "missing_branches": 0}, "missing_lines": [], "excluded_lines": [], "executed_branches": [], "missing_branches": []}}, "classes": {"": {"executed_lines": [1], "summary": {"covered_lines": 0, "num_statements": 0, "percent_covered": 100.0, "percent_covered_display": "100", "missing_lines": 0, "excluded_lines": 0, "num_branches": 0, "num_partial_branches": 0, "covered_branches": 0, "missing_branches": 0}, "missing_lines": [], "excluded_lines": [], "executed_branches": [], "missing_branches": []}}}, "solutions/Problem_4/claude_prompt_1.py": {"executed_lines": [1, 3, 6, 8, 9, 10, 11, 14, 15, 16, 17, 18, 19, 22, 23, 25, 26, 27, 29, 30, 32, 35, 36, 37, 39, 40, 41, 44, 45, 46, 47, 48, 49, 51, 52, 54], "summary": {"covered_lines": 35, "num_statements": 35, "percent_covered": 100.0, "percent_covered_display": "100", "missing_lines": 0, "excluded_lines": 0, "num_branches": 20, "num_partial_branches": 0, "covered_branches": 20, "missing_branches": 0}, "missing_lines": [], "excluded_lines": [], "executed_branches": [[15, 16], [15, 22], [18, 15], [18, 19], [26, 27], [26, 29], [29, 30], [29, 32], [35, 36], [35, 39], [36, 35], [36, 37], [45, 46], [45, 51], [46, 45], [46, 47], [47, 45], [47, 48], [51, 52], [51, 54]], "missing_branches": [], "functions": {"solve": {"executed_lines": [8, 9, 10, 11, 14, 15, 16, 17, 18, 19, 22, 23, 25, 44, 45, 46, 47, 48, 49, 51, 52, 54], "summary": {"covered_lines": 22, "num_statements": 22, "percent_covered": 100.0, "percent_covered_display": "100", "missing_lines": 0, "excluded_lines": 0, "num_branches": 12, "num_partial_branches": 0, "covered_branches": 12, "missing_branches": 0}, "missing_lines": [], "excluded_lines": [], "executed_branches": [[15, 16], [15, 22], [18, 15], [18, 19], [45, 46], [45, 51], [46, 45], [46, 47], [47, 45], [47, 48], [51, 52], [51, 54]], "missing_branches": []}, "solve.dfs": {"executed_lines": [26, 27, 29, 30, 32, 35, 36, 37, 39, 40, 41], "summary": {"covered_lines": 11, "num_statements": 11, "percent_covered": 100.0, "percent_covered_display": "100", "missing_lines": 0, "excluded_lines": 0, "num_branches": 8, "num_partial_branches": 0, "covered_branches": 8, "missing_branches": 0}, "missing_lines": [], "excluded_lines": [], "executed_branches": [[26, 27], [26, 29], [29, 30], [29, 32], [35, 36], [35, 39], [36, 35], [36, 37]], "missing_branches": []}, "": {"executed_lines": [1, 3, 6], "summary": {"covered_lines": 2, "num_statements": 2, "percent_covered": 100.0, "percent_covered_display": "100", "missing_lines": 0, "excluded_lines": 0, "num_branches": 0, "num_partial_branches": 0, "covered_branches": 0, "missing_branches": 0}, "missing_lines": [], "excluded_lines": [], "executed_branches": [], "missing_branches": []}}, "classes": {"": {"executed_lines": [1, 3, 6, 8, 9, 10, 11, 14, 15, 16, 17, 18, 19, 22, 23, 25, 26, 27, 29, 30, 32, 35, 36, 37, 39, 40, 41, 44, 45, 46, 47, 48, 49, 51, 52, 54], "summary": {"covered_lines": 35, "num_statements": 35, "percent_covered": 100.0, "percent_covered_display": "100", "missing_lines": 0, "excluded_lines": 0, "num_branches": 20, "num_partial_branches": 0, "covered_branches": 20, "missing_branches": 0}, "missing_lines": [], "excluded_lines": [], "executed_branches": [[15, 16], [15, 22], [18, 15], [18, 19], [26, 27], [26, 29], [29, 30], [29, 32], [35, 36], [35, 39], [36, 35], [36, 37], [45, 46], [45, 51], [46, 45], [46, 47], [47, 45], [47, 48], [51, 52], [51, 54]], "missing_branches": []}}}, "solutions/Problem_4/claude_prompt_2.py": {"executed_lines": [1, 3, 6, 8, 9, 10, 13, 14, 15, 16, 17, 18, 21, 22, 24, 25, 26, 28, 29, 31, 34, 35, 36, 38, 39, 40, 43, 44, 45, 46, 47, 48, 50, 51, 53], "summary": {"covered_lines": 34, "num_statements": 34, "percent_covered": 100.0, "percent_covered_display": "100", "missing_lines": 0, "excluded_lines": 0, "num_branches": 20, "num_partial_branches": 0, "covered_branches": 20, "missing_branches": 0}, "missing_lines": [], "excluded_lines": [], "executed_branches": [[14, 15], [14, 21], [17, 14], [17, 18], [25, 26], [25, 28], [28, 29], [28, 31], [34, 35], [34, 38], [35, 34], [35, 36], [44, 45], [44, 50], [45, 44], [45, 46], [46, 44], [46, 47], [50, 51], [50, 53]], "missing_branches": [], "functions": {"solve": {"executed_lines": [8, 9, 10, 13, 14, 15, 16, 17, 18, 21, 22, 24, 43, 44, 45, 46, 47, 48, 50, 51, 53], "summary": {"covered_lines": 21, "num_statements": 21, "percent_covered": 100.0, "percent_covered_display": "100", "missing_lines": 0, "excluded_lines": 0, "num_branches": 12, "num_partial_branches": 0, "covered_branches": 12, "missing_branches": 0}, "missing_lines": [], "excluded_lines": [], "executed_branches": [[14, 15], [14, 21], [17, 14], [17, 18], [44, 45], [44, 50], [45, 44], [45, 46], [46, 44], [46, 47], [50, 51], [50, 53]], "missing_branches": []}, "solve.dfs": {"executed_lines": [25, 26, 28, 29, 31, 34, 35, 36, 38, 39, 40], "summary": {"covered_lines": 11, "num_statements": 11, "percent_covered": 100.0, "percent_covered_display": "100", "missing_lines": 0, "excluded_lines": 0, "num_branches": 8, "num_partial_branches": 0, "covered_branches": 8, "missing_branches": 0}, "missing_lines": [], "excluded_lines": [], "executed_branches": [[25, 26], [25, 28], [28, 29], [28, 31], [34, 35], [34, 38], [35, 34], [35, 36]], "missing_branches": []}, "": {"executed_lines": [1, 3, 6], "summary": {"covered_lines": 2, "num_statements": 2, "percent_covered": 100.0, "percent_covered_display": "100", "missing_lines": 0, "excluded_lines": 0, "num_branches": 0, "num_partial_branches": 0, "covered_branches": 0, "missing_branches": 0}, "missing_lines": [], "excluded_lines": [], "executed_branches": [], "missing_branches": []}}, "classes": {"": {"executed_lines": [1, 3, 6, 8, 9, 10, 13, 14, 15, 16, 17, 18, 21, 22, 24, 25, 26, 28, 29, 31, 34, 35, 36, 38, 39, 40, 43, 44, 45, 46, 47, 48, 50, 51, 53], "summary": {"covered_lines": 34, "num_statements": 34, "percent_covered": 100.0, "percent_covered_display": "100", "missing_lines": 0, "excluded_lines": 0, "num_branches": 20, "num_partial_branches": 0, "covered_branches": 20, "missing_branches": 0}, "missing_lines": [], "excluded_lines": [], "executed_branches": [[14, 15], [14, 21], [17, 14], [17, 18], [25, 26], [25, 28], [28, 29], [28, 31], [34, 35], [34, 38], [35, 34], [35, 36], [44, 45], [44, 50], [45, 44], [45, 46], [46, 44], [46, 47], [50, 51], [50, 53]], "missing_branches": []}}}, "solutions/Problem_4/gpt_prompt_1.py": {"executed_lines": [1, 3, 6, 8, 9, 11, 12, 13, 15, 16, 17, 18, 19, 20, 22, 23, 24, 26, 27, 28, 29, 30, 31, 32, 33, 34, 35, 36, 38, 39, 41, 42, 45, 46, 47, 48, 49, 52, 53, 54, 55, 57, 58, 59, 60, 61, 62, 63, 64, 65, 66, 68, 71], "summary": {"covered_lines": 52, "num_statements": 53, "percent_covered": 96.47058823529412, "percent_covered_display": "96", "missing_lines": 1, "excluded_lines": 0, "num_branches": 32, "num_partial_branches": 2, "covered_branches": 30, "missing_branches": 2}, "missing_lines": [69], "excluded_lines": [], "executed_branches": [[16, 17], [16, 22], [19, 16], [19, 20], [27, 28], [27, 30], [30, 31], [30, 32], [33, 34], [33, 35], [38, 39], [38, 41], [41, 42], [41, 45], [46, 47], [46, 52], [47, 46], [47, 48], [48, 49], [53, 54], [53, 57], [54, 53], [54, 55], [60, 61], [60, 68], [63, 60], [63, 64], [65, 63], [65, 66], [68, 71]], "missing_branches": [[48, 47], [68, 69]], "functions": {"solve": {"executed_lines": [8, 9, 11, 12, 13, 15, 16, 17, 18, 19, 20, 22, 23, 24, 26, 38, 39, 41, 42, 45, 46, 47, 48, 49, 52, 53, 54, 55, 57, 58, 59, 60, 61, 62, 63, 64, 65, 66, 68, 71], "summary": {"covered_lines": 40, "num_statements": 41, "percent_covered": 95.5223880597015, "percent_covered_display": "96", "missing_lines": 1, "excluded_lines": 0, "num_branches": 26, "num_partial_branches": 2, "covered_branches": 24, "missing_branches": 2}, "missing_lines": [69], "excluded_lines": [], "executed_branches": [[16, 17], [16, 22], [19, 16], [19, 20], [38, 39], [38, 41], [41, 42], [41, 45], [46, 47], [46, 52], [47, 46], [47, 48], [48, 49], [53, 54], [53, 57], [54, 53], [54, 55], [60, 61], [60, 68], [63, 60], [63, 64], [65, 63], [65, 66], [68, 71]], "missing_branches": [[48, 47], [68, 69]]}, "solve.dfs": {"executed_lines": [27, 28, 29, 30, 31, 32, 33, 34, 35, 36], "summary": {"covered_lines": 10, "num_statements": 10, "percent_covered": 100.0, "percent_covered_display": "100", "missing_lines": 0, "excluded_lines": 0, "num_branches": 6, "num_partial_branches": 0, "covered_branches": 6, "missing_branches": 0}, "missing_lines": [], "excluded_lines": [], "executed_branches": [[27, 28], [27, 30], [30, 31], [30, 32], [33, 34], [33, 35]], "missing_branches": []}, "": {"executed_lines": [1, 3, 6], "summary": {"covered_lines": 2, "num_statements": 2, "percent_covered": 100.0, "percent_covered_display": "100", "missing_lines": 0, "excluded_lines": 0, "num_branches": 0, "num_partial_branches": 0, "covered_branches": 0, "missing_branches": 0}, "missing_lines": [], "excluded_lines": [], "executed_branches": [], "missing_branches": []}}, "classes": {"": {"executed_lines": [1, 3, 6, 8, 9, 11, 12, 13, 15, 16, 17, 18, 19, 20, 22, 23, 24, 26, 27, 28, 29, 30, 31, 32, 33, 34, 35, 36, 38, 39, 41, 42, 45, 46, 47, 48, 49, 52, 53, 54, 55, 57, 58, 59, 60, 61, 62, 63, 64, 65, 66, 68, 71], "summary": {"covered_lines": 52, "num_statements": 53, "percent_covered": 96.47058823529412, "percent_covered_display": "96", "missing_lines": 1, "excluded_lines": 0, "num_branches": 32, "num_partial_branches": 2, "covered_branches": 30, "missing_branches": 2}, "missing_lines": [69], "excluded_lines": [], "executed_branches": [[16, 17], [16, 22], [19, 16], [19, 20], [27, 28], [27, 30], [30, 31], [30, 32], [33, 34], [33, 35], [38, 39], [38, 41], [41, 42], [41, 45], [46, 47], [46, 52], [47, 46], [47, 48], [48, 49], [53, 54], [53, 57], [54, 53], [54, 55], [60, 61], [60, 68], [63, 60], [63, 64], [65, 63], [65, 66], [68, 71]], "missing_branches": [[48, 47], [68, 69]]}}}, "solutions/Problem_4/gpt_prompt_2.py": {"executed_lines": [1, 3, 6, 9, 10, 12, 13, 14, 16, 17, 19, 20, 21, 22, 23, 24, 27, 28, 29, 30, 32, 33, 34, 35, 36, 37, 40, 41, 42, 44, 45, 46, 47, 49, 50, 51, 52, 53, 54, 55, 56, 57, 59, 60, 61, 62, 63, 66, 67], "summary": {"covered_lines": 48, "num_statements": 49, "percent_covered": 97.40259740259741, "percent_covered_display": "97", "missing_lines": 1, "excluded_lines": 0, "num_branches": 28, "num_partial_branches": 1, "covered_branches": 27, "missing_branches": 1}, "missing_lines": [48], "excluded_lines": [], "executed_branches": [[19, 20], [19, 27], [23, 19], [23, 24], [29, 30], [29, 32], [32, 33], [32, 40], [34, 32], [34, 35], [35, 34], [35, 36], [46, 47], [46, 56], [47, 49], [49, 50], [49, 53], [51, 46], [51, 52], [53, 46], [53, 54], [59, 60], [59, 66], [60, 59], [60, 61], [62, 59], [62, 63]], "missing_branches": [[47, 48]], "functions": {"solve": {"executed_lines": [9, 10, 12, 13, 14, 16, 17, 19, 20, 21, 22, 23, 24, 27, 28, 29, 30, 32, 33, 34, 35, 36, 37, 40, 41, 42, 44, 59, 60, 61, 62, 63, 66, 67], "summary": {"covered_lines": 34, "num_statements": 34, "percent_covered": 100.0, "percent_covered_display": "100", "missing_lines": 0, "excluded_lines": 0, "num_branches": 18, "num_partial_branches": 0, "covered_branches": 18, "missing_branches": 0}, "missing_lines": [], "excluded_lines": [], "executed_branches": [[19, 20], [19, 27], [23, 19], [23, 24], [29, 30], [29, 32], [32, 33], [32, 40], [34, 32], [34, 35], [35, 34], [35, 36], [59, 60], [59, 66], [60, 59], [60, 61], [62, 59], [62, 63]], "missing_branches": []}, "solve.dfs": {"executed_lines": [45, 46, 47, 49, 50, 51, 52, 53, 54, 55, 56, 57], "summary": {"covered_lines": 12, "num_statements": 13, "percent_covered": 91.30434782608695, "percent_covered_display": "91", "missing_lines": 1, "excluded_lines": 0, "num_branches": 10, "num_partial_branches": 1, "covered_branches": 9, "missing_branches": 1}, "missing_lines": [48], "excluded_lines": [], "executed_branches": [[46, 47], [46, 56], [47, 49], [49, 50], [49, 53], [51, 46], [51, 52], [53, 46], [53, 54]], "missing_branches": [[47, 48]]}, "": {"executed_lines": [1, 3, 6], "summary": {"covered_lines": 2, "num_statements": 2, "percent_covered": 100.0, "percent_covered_display": "100", "missing_lines": 0, "excluded_lines": 0, "num_branches": 0, "num_partial_branches": 0, "covered_branches": 0, "missing_branches": 0}, "missing_lines": [], "excluded_lines": [], "executed_branches": [], "missing_branches": []}}, "classes": {"": {"executed_lines": [1, 3, 6, 9, 10, 12, 13, 14, 16, 17, 19, 20, 21, 22, 23, 24, 27, 28, 29, 30, 32, 33, 34, 35, 36, 37, 40, 41, 42, 44, 45, 46, 47, 49, 50, 51, 52, 53, 54, 55, 56, 57, 59, 60, 61, 62, 63, 66, 67], "summary": {"covered_lines": 48, "num_statements": 49, "percent_covered": 97.40259740259741, "percent_covered_display": "97", "missing_lines": 1, "excluded_lines": 0, "num_branches": 28, "num_partial_branches": 1, "covered_branches": 27, "missing_branches": 1}, "missing_lines": [48], "excluded_lines": [], "executed_branches": [[19, 20], [19, 27], [23, 19], [23, 24], [29, 30], [29, 32], [32, 33], [32, 40], [34, 32], [34, 35], [35, 34], [35, 36], [46, 47], [46, 56], [47, 49], [49, 50], [49, 53], [51, 46], [51, 52], [53, 46], [53, 54], [59, 60], [59, 66], [60, 59], [60, 61], [62, 59], [62, 63]], "missing_branches": [[47, 48]]}}}, "solutions/Problem_5/__init__.py": {"executed_lines": [1], "summary": {"covered_lines": 0, "num_statements": 0, "percent_covered": 100.0, "percent_covered_display": "100", "missing_lines": 0, "excluded_lines": 0, "num_branches": 0, "num_partial_branches": 0, "covered_branches": 0, "missing_branches": 0}, "missing_lines": [], "excluded_lines": [], "executed_branches": [], "missing_branches": [], "functions": {"": {"executed_lines": [1], "summary": {"covered_lines": 0, "num_statements": 0, "percent_covered": 100.0, "percent_covered_display": "100", "missing_lines": 0, "excluded_lines": 0, "num_branches": 0, "num_partial_branches": 0, "covered_branches": 0, "missing_branches": 0}, "missing_lines": [], "excluded_lines": [], "executed_branches": [], "missing_branches": []}}, "classes": {"": {"executed_lines": [1], "summary": {"covered_lines": 0, "num_statements": 0, "percent_covered": 100.0, "percent_covered_display": "100", "missing_lines": 0, "excluded_lines": 0, "num_branches": 0, "num_partial_branches": 0, "covered_branches": 0, "missing_branches": 0}, "missing_lines": [], "excluded_lines": [], "executed_branches": [], "missing_branches": []}}}, "solutions/Problem_5/claude_prompt_1.py": {"executed_lines": [1, 3, 6, 8, 10, 11, 13, 14, 15, 17], "summary": {"covered_lines": 9, "num_statements": 9, "percent_covered": 100.0, "percent_covered_display": "100", "missing_lines": 0, "excluded_lines": 0, "num_branches": 4, "num_partial_branches": 0, "covered_branches": 4, "missing_branches": 0}, "missing_lines": [], "excluded_lines": [], "executed_branches": [[10, 11], [10, 13], [13, 14], [13, 17]], "missing_branches": [], "functions": {"solve": {"executed_lines": [8, 10, 11, 13, 14, 15, 17], "summary": {"covered_lines": 7, "num_statements": 7, "percent_covered": 100.0, "percent_covered_display": "100", "missing_lines": 0, "excluded_lines": 0, "num_branches": 4, "num_partial_branches": 0, "covered_branches": 4, "missing_branches": 0}, "missing_lines": [], "excluded_lines": [], "executed_branches": [[10, 11], [10, 13], [13, 14], [13, 17]], "missing_branches": []}, "": {"executed_lines": [1, 3, 6], "summary": {"covered_lines": 2, "num_statements": 2, "percent_covered": 100.0, "percent_covered_display": "100", "missing_lines": 0, "excluded_lines": 0, "num_branches": 0, "num_partial_branches": 0, "covered_branches": 0, "missing_branches": 0}, "missing_lines": [], "excluded_lines": [], "executed_branches": [], "missing_branches": []}}, "classes": {"": {"executed_lines": [1, 3, 6, 8, 10, 11, 13, 14, 15, 17], "summary": {"covered_lines": 9, "num_statements": 9, "percent_covered": 100.0, "percent_covered_display": "100", "missing_lines": 0, "excluded_lines": 0, "num_branches": 4, "num_partial_branches": 0, "covered_branches": 4, "missing_branches": 0}, "missing_lines": [], "excluded_lines": [], "executed_branches": [[10, 11], [10, 13], [13, 14], [13, 17]], "missing_branches": []}}}, "solutions/Problem_5/claude_prompt_2.py": {"executed_lines": [1, 3, 6, 9, 11, 12, 14, 15, 16, 18], "summary": {"covered_lines": 9, "num_statements": 9, "percent_covered": 100.0, "percent_covered_display": "100", "missing_lines": 0, "excluded_lines": 0, "num_branches": 4, "num_partial_branches": 0, "covered_branches": 4, "missing_branches": 0}, "missing_lines": [], "excluded_lines": [], "executed_branches": [[11, 12], [11, 14], [15, 16], [15, 18]], "missing_branches": [], "functions": {"solve": {"executed_lines": [9, 11, 12, 14, 15, 16, 18], "summary": {"covered_lines": 7, "num_statements": 7, "percent_covered": 100.0, "percent_covered_display": "100", "missing_lines": 0, "excluded_lines": 0, "num_branches": 4, "num_partial_branches": 0, "covered_branches": 4, "missing_branches": 0}, "missing_lines": [], "excluded_lines": [], "executed_branches": [[11, 12], [11, 14], [15, 16], [15, 18]], "missing_branches": []}, "": {"executed_lines": [1, 3, 6], "summary": {"covered_lines": 2, "num_statements": 2, "percent_covered": 100.0, "percent_covered_display": "100", "missing_lines": 0, "excluded_lines": 0, "num_branches": 0, "num_partial_branches": 0, "covered_branches": 0, "missing_branches": 0}, "missing_lines": [], "excluded_lines": [], "executed_branches": [], "missing_branches": []}}, "classes": {"": {"executed_lines": [1, 3, 6, 9, 11, 12, 14, 15, 16, 18], "summary": {"covered_lines": 9, "num_statements": 9, "percent_covered": 100.0, "percent_covered_display": "100", "missing_lines": 0, "excluded_lines": 0, "num_branches": 4, "num_partial_branches": 0, "covered_branches": 4, "missing_branches": 0}, "missing_lines": [], "excluded_lines": [], "executed_branches": [[11, 12], [11, 14], [15, 16], [15, 18]], "missing_branches": []}}}, "solutions/Problem_5/gpt_prompt_1.py": {"executed_lines": [1, 3, 6, 8, 9, 11, 13, 14, 16, 17, 19], "summary": {"covered_lines": 10, "num_statements": 11, "percent_covered": 88.23529411764706, "percent_covered_display": "88", "missing_lines": 1, "excluded_lines": 0, "num_branches": 6, "num_partial_branches": 1, "covered_branches": 5, "missing_branches": 1}, "missing_lines": [10], "excluded_lines": [], "executed_branches": [[9, 11], [13, 14], [13, 16], [16, 17], [16, 19]], "missing_branches": [[9, 10]], "functions": {"solve": {"executed_lines": [8, 9, 11, 13, 14, 16, 17, 19], "summary": {"covered_lines": 8, "num_statements": 9, "percent_covered": 86.66666666666667, "percent_covered_display": "87", "missing_lines": 1, "excluded_lines": 0, "num_branches": 6, "num_partial_branches": 1, "covered_branches": 5, "missing_branches": 1}, "missing_lines": [10], "excluded_lines": [], "executed_branches": [[9, 11], [13, 14], [13, 16], [16, 17], [16, 19]], "missing_branches": [[9, 10]]}, "": {"executed_lines": [1, 3, 6], "summary": {"covered_lines": 2, "num_statements": 2, "percent_covered": 100.0, "percent_covered_display": "100", "missing_lines": 0, "excluded_lines": 0, "num_branches": 0, "num_partial_branches": 0, "covered_branches": 0, "missing_branches": 0}, "missing_lines": [], "excluded_lines": [], "executed_branches": [], "missing_branches": []}}, "classes": {"": {"executed_lines": [1, 3, 6, 8, 9, 11, 13, 14, 16, 17, 19], "summary": {"covered_lines": 10, "num_statements": 11, "percent_covered": 88.23529411764706, "percent_covered_display": "88", "missing_lines": 1, "excluded_lines": 0, "num_branches": 6, "num_partial_branches": 1, "covered_branches": 5, "missing_branches": 1}, "missing_lines": [10], "excluded_lines": [], "executed_branches": [[9, 11], [13, 14], [13, 16], [16, 17], [16, 19]], "missing_branches": [[9, 10]]}}}, "solutions/Problem_5/gpt_prompt_2.py": {"executed_lines": [1, 3, 6, 8, 9, 11, 13, 14, 16, 17, 19], "summary": {"covered_lines": 10, "num_statements": 11, "percent_covered": 88.23529411764706, "percent_covered_display": "88", "missing_lines": 1, "excluded_lines": 0, "num_branches": 6, "num_partial_branches": 1, "covered_branches": 5, "missing_branches": 1}, "missing_lines": [10], "excluded_lines": [], "executed_branches": [[9, 11], [13, 14], [13, 16], [16, 17], [16, 19]], "missing_branches": [[9, 10]], "functions": {"solve": {"executed_lines": [8, 9, 11, 13, 14, 16, 17, 19], "summary": {"covered_lines": 8, "num_statements": 9, "percent_covered": 86.66666666666667, "percent_covered_display": "87", "missing_lines": 1, "excluded_lines": 0, "num_branches": 6, "num_partial_branches": 1, "covered_branches": 5, "missing_branches": 1}, "missing_lines": [10], "excluded_lines": [], "executed_branches": [[9, 11], [13, 14], [13, 16], [16, 17], [16, 19]], "missing_branches": [[9, 10]]}, "": {"executed_lines": [1, 3, 6], "summary": {"covered_lines": 2, "num_statements": 2, "percent_covered": 100.0, "percent_covered_display": "100", "missing_lines": 0, "excluded_lines": 0, "num_branches": 0, "num_partial_branches": 0, "covered_branches": 0, "missing_branches": 0}, "missing_lines": [], "excluded_lines": [], "executed_branches": [], "missing_branches": []}}, "classes": {"": {"executed_lines": [1, 3, 6, 8, 9, 11, 13, 14, 16, 17, 19], "summary": {"covered_lines": 10, "num_statements": 11, "percent_covered": 88.23529411764706, "percent_covered_display": "88", "missing_lines": 1, "excluded_lines": 0, "num_branches": 6, "num_partial_branches": 1, "covered_branches": 5, "missing_branches": 1}, "missing_lines": [10], "excluded_lines": [], "executed_branches": [[9, 11], [13, 14], [13, 16], [16, 17], [16, 19]], "missing_branches": [[9, 10]]}}}, "solutions/Problem_6/__init__.py": {"executed_lines": [1], "summary": {"covered_lines": 0, "num_statements": 0, "percent_covered": 100.0, "percent_covered_display": "100", "missing_lines": 0, "excluded_lines": 0, "num_branches": 0, "num_partial_branches": 0, "covered_branches": 0, "missing_branches": 0}, "missing_lines": [], "excluded_lines": [], "executed_branches": [], "missing_branches": [], "functions": {"": {"executed_lines": [1], "summary": {"covered_lines": 0, "num_statements": 0, "percent_covered": 100.0, "percent_covered_display": "100", "missing_lines": 0, "excluded_lines": 0, "num_branches": 0, "num_partial_branches": 0, "covered_branches": 0, "missing_branches": 0}, "missing_lines": [], "excluded_lines": [], "executed_branches": [], "missing_branches": []}}, "classes": {"": {"executed_lines": [1], "summary": {"covered_lines": 0, "num_statements": 0, "percent_covered": 100.0, "percent_covered_display": "100", "missing_lines": 0, "excluded_lines": 0, "num_branches": 0, "num_partial_branches": 0, "covered_branches": 0, "missing_branches": 0}, "missing_lines": [], "excluded_lines": [], "executed_branches": [], "missing_branches": []}}}, "solutions/Problem_6/claude_prompt_1.py": {"executed_lines": [1, 3, 6, 8, 9, 11, 12, 14, 15, 16, 17, 19], "summary": {"covered_lines": 11, "num_statements": 11, "percent_covered": 100.0, "percent_covered_display": "100", "missing_lines": 0, "excluded_lines": 0, "num_branches": 4, "num_partial_branches": 0, "covered_branches": 4, "missing_branches": 0}, "missing_lines": [], "excluded_lines": [], "executed_branches": [[14, 15], [14, 16], [16, 17], [16, 19]], "missing_branches": [], "functions": {"solve": {"executed_lines": [8, 9, 11, 12, 14, 15, 16, 17, 19], "summary": {"covered_lines": 9, "num_statements": 9, "percent_covered": 100.0, "percent_covered_display": "100", "missing_lines": 0, "excluded_lines": 0, "num_branches": 4, "num_partial_branches": 0, "covered_branches": 4, "missing_branches": 0}, "missing_lines": [], "excluded_lines": [], "executed_branches": [[14, 15], [14, 16], [16, 17], [16, 19]], "missing_branches": []}, "": {"executed_lines": [1, 3, 6], "summary": {"covered_lines": 2, "num_statements": 2, "percent_covered": 100.0, "percent_covered_display": "100", "missing_lines": 0, "excluded_lines": 0, "num_branches": 0, "num_partial_branches": 0, "covered_branches": 0, "missing_branches": 0}, "missing_lines": [], "excluded_lines": [], "executed_branches": [], "missing_branches": []}}, "classes": {"": {"executed_lines": [1, 3, 6, 8, 9, 11, 12, 14, 15, 16, 17, 19], "summary": {"covered_lines": 11, "num_statements": 11, "percent_covered": 100.0, "percent_covered_display": "100", "missing_lines": 0, "excluded_lines": 0, "num_branches": 4, "num_partial_branches": 0, "covered_branches": 4, "missing_branches": 0}, "missing_lines": [], "excluded_lines": [], "executed_branches": [[14, 15], [14, 16], [16, 17], [16, 19]], "missing_branches": []}}}, "solutions/Problem_6/claude_prompt_2.py": {"executed_lines": [1, 3, 6, 8, 9, 12, 13, 14, 16, 17, 19, 20, 22, 24], "summary": {"covered_lines": 13, "num_statements": 13, "percent_covered": 100.0, "percent_covered_display": "100", "missing_lines": 0, "excluded_lines": 0, "num_branches": 8, "num_partial_branches": 0, "covered_branches": 8, "missing_branches": 0}, "missing_lines": [], "excluded_lines": [], "executed_branches": [[12, 13], [12, 14], [14, 16], [14, 17], [17, 19], [17, 20], [20, 22], [20, 24]], "missing_branches": [], "functions": {"solve": {"executed_lines": [8, 9, 12, 13, 14, 16, 17, 19, 20, 22, 24], "summary": {"covered_lines": 11, "num_statements": 11, "percent_covered": 100.0, "percent_covered_display": "100", "missing_lines": 0, "excluded_lines": 0, "num_branches": 8, "num_partial_branches": 0, "covered_branches": 8, "missing_branches": 0}, "missing_lines": [], "excluded_lines": [], "executed_branches": [[12, 13], [12, 14], [14, 16], [14, 17], [17, 19], [17, 20], [20, 22], [20, 24]], "missing_branches": []}, "": {"executed_lines": [1, 3, 6], "summary": {"covered_lines": 2, "num_statements": 2, "percent_covered": 100.0, "percent_covered_display": "100", "missing_lines": 0, "excluded_lines": 0, "num_branches": 0, "num_partial_branches": 0, "covered_branches": 0, "missing_branches": 0}, "missing_lines": [], "excluded_lines": [], "executed_branches": [], "missing_branches": []}}, "classes": {"": {"executed_lines": [1, 3, 6, 8, 9, 12, 13, 14, 16, 17, 19, 20, 22, 24], "summary": {"covered_lines": 13, "num_statements": 13, "percent_covered": 100.0, "percent_covered_display": "100", "missing_lines": 0, "excluded_lines": 0, "num_branches": 8, "num_partial_branches": 0, "covered_branches": 8, "missing_branches": 0}, "missing_lines": [], "excluded_lines": [], "executed_branches": [[12, 13], [12, 14], [14, 16], [14, 17], [17, 19], [17, 20], [20, 22], [20, 24]], "missing_branches": []}}}, "solutions/Problem_6/gpt_prompt_1.py": {"executed_lines": [1, 3, 6, 9, 10, 12, 14, 15, 17], "summary": {"covered_lines": 8, "num_statements": 9, "percent_covered": 84.61538461538461, "percent_covered_display": "85", "missing_lines": 1, "excluded_lines": 0, "num_branches": 4, "num_partial_branches": 1, "covered_branches": 3, "missing_branches": 1}, "missing_lines": [11], "excluded_lines": [], "executed_branches": [[10, 12], [14, 15], [14, 17]], "missing_branches": [[10, 11]], "functions": {"solve": {"executed_lines": [9, 10, 12, 14, 15, 17], "summary": {"covered_lines": 6, "num_statements": 7, "percent_covered": 81.81818181818181, "percent_covered_display": "82", "missing_lines": 1, "excluded_lines": 0, "num_branches": 4, "num_partial_branches": 1, "covered_branches": 3, "missing_branches": 1}, "missing_lines": [11], "excluded_lines": [], "executed_branches": [[10, 12], [14, 15], [14, 17]], "missing_branches": [[10, 11]]}, "": {"executed_lines": [1, 3, 6], "summary": {"covered_lines": 2, "num_statements": 2, "percent_covered": 100.0, "percent_covered_display": "100", "missing_lines": 0, "excluded_lines": 0, "num_branches": 0, "num_partial_branches": 0, "covered_branches": 0, "missing_branches": 0}, "missing_lines": [], "excluded_lines": [], "executed_branches": [], "missing_branches": []}}, "classes": {"": {"executed_lines": [1, 3, 6, 9, 10, 12, 14, 15, 17], "summary": {"covered_lines": 8, "num_statements": 9, "percent_covered": 84.61538461538461, "percent_covered_display": "85", "missing_lines": 1, "excluded_lines": 0, "num_branches": 4, "num_partial_branches": 1, "covered_branches": 3, "missing_branches": 1}, "missing_lines": [11], "excluded_lines": [], "executed_branches": [[10, 12], [14, 15], [14, 17]], "missing_branches": [[10, 11]]}}}, "solutions/Problem_6/gpt_prompt_2.py": {"executed_lines": [1, 3, 6, 9, 10, 12, 14, 15, 17], "summary": {"covered_lines": 8, "num_statements": 9, "percent_covered": 84.61538461538461, "percent_covered_display": "85", "missing_lines": 1, "excluded_lines": 0, "num_branches": 4, "num_partial_branches": 1, "covered_branches": 3, "missing_branches": 1}, "missing_lines": [11], "excluded_lines": [], "executed_branches": [[10, 12], [14, 15], [14, 17]], "missing_branches": [[10, 11]], "functions": {"solve": {"executed_lines": [9, 10, 12, 14, 15, 17], "summary": {"covered_lines": 6, "num_statements": 7, "percent_covered": 81.81818181818181, "percent_covered_display": "82", "missing_lines": 1, "excluded_lines": 0, "num_branches": 4, "num_partial_branches": 1, "covered_branches": 3, "missing_branches": 1}, "missing_lines": [11], "excluded_lines": [], "executed_branches": [[10, 12], [14, 15], [14, 17]], "missing_branches": [[10, 11]]}, "": {"executed_lines": [1, 3, 6], "summary": {"covered_lines": 2, "num_statements": 2, "percent_covered": 100.0, "percent_covered_display": "100", "missing_lines": 0, "excluded_lines": 0, "num_branches": 0, "num_partial_branches": 0, "covered_branches": 0, "missing_branches": 0}, "missing_lines": [], "excluded_lines": [], "executed_branches": [], "missing_branches": []}}, "classes": {"": {"executed_lines": [1, 3, 6, 9, 10, 12, 14, 15, 17], "summary": {"covered_lines": 8, "num_statements": 9, "percent_covered": 84.61538461538461, "percent_covered_display": "85", "missing_lines": 1, "excluded_lines": 0, "num_branches": 4, "num_partial_branches": 1, "covered_branches": 3, "missing_branches": 1}, "missing_lines": [11], "excluded_lines": [], "executed_branches": [[10, 12], [14, 15], [14, 17]], "missing_branches": [[10, 11]]}}}, "solutions/Problem_7/__init__.py": {"executed_lines": [1], "summary": {"covered_lines": 0, "num_statements": 0, "percent_covered": 100.0, "percent_covered_display": "100", "missing_lines": 0, "excluded_lines": 0, "num_branches": 0, "num_partial_branches": 0, "covered_branches": 0, "missing_branches": 0}, "missing_lines": [], "excluded_lines": [], "executed_branches": [], "missing_branches": [], "functions": {"": {"executed_lines": [1], "summary": {"covered_lines": 0, "num_statements": 0, "percent_covered": 100.0, "percent_covered_display": "100", "missing_lines": 0, "excluded_lines": 0, "num_branches": 0, "num_partial_branches": 0, "covered_branches": 0, "missing_branches": 0}, "missing_lines": [], "excluded_lines": [], "executed_branches": [], "missing_branches": []}}, "classes": {"": {"executed_lines": [1], "summary": {"covered_lines": 0, "num_statements": 0, "percent_covered": 100.0, "percent_covered_display": "100", "missing_lines": 0, "excluded_lines": 0, "num_branches": 0, "num_partial_branches": 0, "covered_branches": 0, "missing_branches": 0}, "missing_lines": [], "excluded_lines": [], "executed_branches": [], "missing_branches": []}}}, "solutions/Problem_7/claude_prompt_1.py": {"executed_lines": [1, 3, 6, 8, 10, 11, 12, 13, 15], "summary": {"covered_lines": 8, "num_statements": 8, "percent_covered": 100.0, "percent_covered_display": "100", "missing_lines": 0, "excluded_lines": 0, "num_branches": 4, "num_partial_branches": 0, "covered_branches": 4, "missing_branches": 0}, "missing_lines": [], "excluded_lines": [], "executed_branches": [[10, 11], [10, 12], [12, 13], [12, 15]], "missing_branches": [], "functions": {"solve": {"executed_lines": [8, 10, 11, 12, 13, 15], "summary": {"covered_lines": 6, "num_statements": 6, "percent_covered": 100.0, "percent_covered_display": "100", "missing_lines": 0, "excluded_lines": 0, "num_branches": 4, "num_partial_branches": 0, "covered_branches": 4, "missing_branches": 0}, "missing_lines": [], "excluded_lines": [], "executed_branches": [[10, 11], [10, 12], [12, 13], [12, 15]], "missing_branches": []}, "": {"executed_lines": [1, 3, 6], "summary": {"covered_lines": 2, "num_statements": 2, "percent_covered": 100.0, "percent_covered_display": "100", "missing_lines": 0, "excluded_lines": 0, "num_branches": 0, "num_partial_branches": 0, "covered_branches": 0, "missing_branches": 0}, "missing_lines": [], "excluded_lines": [], "executed_branches": [], "missing_branches": []}}, "classes": {"": {"executed_lines": [1, 3, 6, 8, 10, 11, 12, 13, 15], "summary": {"covered_lines": 8, "num_statements": 8, "percent_covered": 100.0, "percent_covered_display": "100", "missing_lines": 0, "excluded_lines": 0, "num_branches": 4, "num_partial_branches": 0, "covered_branches": 4, "missing_branches": 0}, "missing_lines": [], "excluded_lines": [], "executed_branches": [[10, 11], [10, 12], [12, 13], [12, 15]], "missing_branches": []}}}, "solutions/Problem_7/claude_prompt_2.py": {"executed_lines": [1, 3, 6, 8, 10, 11], "summary": {"covered_lines": 5, "num_statements": 5, "percent_covered": 100.0, "percent_covered_display": "100", "missing_lines": 0, "excluded_lines": 0, "num_branches": 0, "num_partial_branches": 0, "covered_branches": 0, "missing_branches": 0}, "missing_lines": [], "excluded_lines": [], "executed_branches": [], "missing_branches": [], "functions": {"solve": {"executed_lines": [8, 10, 11], "summary": {"covered_lines": 3, "num_statements": 3, "percent_covered": 100.0, "percent_covered_display": "100", "missing_lines": 0, "excluded_lines": 0, "num_branches": 0, "num_partial_branches": 0, "covered_branches": 0, "missing_branches": 0}, "missing_lines": [], "excluded_lines": [], "executed_branches": [], "missing_branches": []}, "": {"executed_lines": [1, 3, 6], "summary": {"covered_lines": 2, "num_statements": 2, "percent_covered": 100.0, "percent_covered_display": "100", "missing_lines": 0, "excluded_lines": 0, "num_branches": 0, "num_partial_branches": 0, "covered_branches": 0, "missing_branches": 0}, "missing_lines": [], "excluded_lines": [], "executed_branches": [], "missing_branches": []}}, "classes": {"": {"executed_lines": [1, 3, 6, 8, 10, 11], "summary": {"covered_lines": 5, "num_statements": 5, "percent_covered": 100.0, "percent_covered_display": "100", "missing_lines": 0, "excluded_lines": 0, "num_branches": 0, "num_partial_branches": 0, "covered_branches": 0, "missing_branches": 0}, "missing_lines": [], "excluded_lines": [], "executed_branches": [], "missing_branches": []}}}, "solutions/Problem_7/gpt_prompt_1.py": {"executed_lines": [1, 3, 6, 9, 10, 11, 12, 13, 15], "summary": {"covered_lines": 8, "num_statements": 8, "percent_covered": 100.0, "percent_covered_display": "100", "missing_lines": 0, "excluded_lines": 0, "num_branches": 4, "num_partial_branches": 0, "covered_branches": 4, "missing_branches": 0}, "missing_lines": [], "excluded_lines": [], "executed_branches": [[10, 11], [10, 12], [12, 13], [12, 15]], "missing_branches": [], "functions": {"solve": {"executed_lines": [9, 10, 11, 12, 13, 15], "summary": {"covered_lines": 6, "num_statements": 6, "percent_covered": 100.0, "percent_covered_display": "100", "missing_lines": 0, "excluded_lines": 0, "num_branches": 4, "num_partial_branches": 0, "covered_branches": 4, "missing_branches": 0}, "missing_lines": [], "excluded_lines": [], "executed_branches": [[10, 11], [10, 12], [12, 13], [12, 15]], "missing_branches": []}, "": {"executed_lines": [1, 3, 6], "summary": {"covered_lines": 2, "num_statements": 2, "percent_covered": 100.0, "percent_covered_display": "100", "missing_lines": 0, "excluded_lines": 0, "num_branches": 0, "num_partial_branches": 0, "covered_branches": 0, "missing_branches": 0}, "missing_lines": [], "excluded_lines": [], "executed_branches": [], "missing_branches": []}}, "classes": {"": {"executed_lines": [1, 3, 6, 9, 10, 11, 12, 13, 15], "summary": {"covered_lines": 8, "num_statements": 8, "percent_covered": 100.0, "percent_covered_display": "100", "missing_lines": 0, "excluded_lines": 0, "num_branches": 4, "num_partial_branches": 0, "covered_branches": 4, "missing_branches": 0}, "missing_lines": [], "excluded_lines": [], "executed_branches": [[10, 11], [10, 12], [12, 13], [12, 15]], "missing_branches": []}}}, "solutions/Problem_7/gpt_prompt_2.py": {"executed_lines": [1, 3, 6, 9, 10, 11, 12, 13, 15], "summary": {"covered_lines": 8, "num_statements": 8, "percent_covered": 100.0, "percent_covered_display": "100", "missing_lines": 0, "excluded_lines": 0, "num_branches": 4, "num_partial_branches": 0, "covered_branches": 4, "missing_branches": 0}, "missing_lines": [], "excluded_lines": [], "executed_branches": [[10, 11], [10, 12], [12, 13], [12, 15]], "missing_branches": [], "functions": {"solve": {"executed_lines": [9, 10, 11, 12, 13, 15], "summary": {"covered_lines": 6, "num_statements": 6, "percent_covered": 100.0, "percent_covered_display": "100", "missing_lines": 0, "excluded_lines": 0, "num_branches": 4, "num_partial_branches": 0, "covered_branches": 4, "missing_branches": 0}, "missing_lines": [], "excluded_lines": [], "executed_branches": [[10, 11], [10, 12], [12, 13], [12, 15]], "missing_branches": []}, "": {"executed_lines": [1, 3, 6], "summary": {"covered_lines": 2, "num_statements": 2, "percent_covered": 100.0, "percent_covered_display": "100", "missing_lines": 0, "excluded_lines": 0, "num_branches": 0, "num_partial_branches": 0, "covered_branches": 0, "missing_branches": 0}, "missing_lines": [], "excluded_lines": [], "executed_branches": [], "missing_branches": []}}, "classes": {"": {"executed_lines": [1, 3, 6, 9, 10, 11, 12, 13, 15], "summary": {"covered_lines": 8, "num_statements": 8, "percent_covered": 100.0, "percent_covered_display": "100", "missing_lines": 0, "excluded_lines": 0, "num_branches": 4, "num_partial_branches": 0, "covered_branches": 4, "missing_branches": 0}, "missing_lines": [], "excluded_lines": [], "executed_branches": [[10, 11], [10, 12], [12, 13], [12, 15]], "missing_branches": []}}}, "solutions/Problem_8/__init__.py": {"executed_lines": [1], "summary": {"covered_lines": 0, "num_statements": 0, "percent_covered": 100.0, "percent_covered_display": "100", "missing_lines": 0, "excluded_lines": 0, "num_branches": 0, "num_partial_branches": 0, "covered_branches": 0, "missing_branches": 0}, "missing_lines": [], "excluded_lines": [], "executed_branches": [], "missing_branches": [], "functions": {"": {"executed_lines": [1], "summary": {"covered_lines": 0, "num_statements": 0, "percent_covered": 100.0, "percent_covered_display": "100", "missing_lines": 0, "excluded_lines": 0, "num_branches": 0, "num_partial_branches": 0, "covered_branches": 0, "missing_branches": 0}, "missing_lines": [], "excluded_lines": [], "executed_branches": [], "missing_branches": []}}, "classes": {"": {"executed_lines": [1], "summary": {"covered_lines": 0, "num_statements": 0, "percent_covered": 100.0, "percent_covered_display": "100", "missing_lines": 0, "excluded_lines": 0, "num_branches": 0, "num_partial_branches": 0, "covered_branches": 0, "missing_branches": 0}, "missing_lines": [], "excluded_lines": [], "executed_branches": [], "missing_branches": []}}}, "solutions/Problem_8/claude_prompt_1.py": {"executed_lines": [1, 3, 6, 8, 9, 10, 12, 14, 15, 17, 18, 20, 21, 26, 28, 35, 36, 37, 39, 40, 43, 44, 47, 48, 49, 51], "summary": {"covered_lines": 25, "num_statements": 25, "percent_covered": 97.43589743589743, "percent_covered_display": "97", "missing_lines": 0, "excluded_lines": 0, "num_branches": 14, "num_partial_branches": 1, "covered_branches": 13, "missing_branches": 1}, "missing_lines": [], "excluded_lines": [], "executed_branches": [[12, 14], [12, 51], [17, 18], [17, 20], [20, 21], [20, 26], [26, 28], [26, 47], [28, 35], [28, 43], [35, 36], [35, 39], [47, 48]], "missing_branches": [[47, 12]], "functions": {"solve": {"executed_lines": [8, 9, 10, 12, 14, 15, 17, 18, 20, 21, 26, 28, 35, 36, 37, 39, 40, 43, 44, 47, 48, 49, 51], "summary": {"covered_lines": 23, "num_statements": 23, "percent_covered": 97.29729729729729, "percent_covered_display": "97", "missing_lines": 0, "excluded_lines": 0, "num_branches": 14, "num_partial_branches": 1, "covered_branches": 13, "missing_branches": 1}, "missing_lines": [], "excluded_lines": [], "executed_branches": [[12, 14], [12, 51], [17, 18], [17, 20], [20, 21], [20, 26], [26, 28], [26, 47], [28, 35], [28, 43], [35, 36], [35, 39], [47, 48]], "missing_branches": [[47, 12]]}, "": {"executed_lines": [1, 3, 6], "summary": {"covered_lines": 2, "num_statements": 2, "percent_covered": 100.0, "percent_covered_display": "100", "missing_lines": 0, "excluded_lines": 0, "num_branches": 0, "num_partial_branches": 0, "covered_branches": 0, "missing_branches": 0}, "missing_lines": [], "excluded_lines": [], "executed_branches": [], "missing_branches": []}}, "classes": {"": {"executed_lines": [1, 3, 6, 8, 9, 10, 12, 14, 15, 17, 18, 20, 21, 26, 28, 35, 36, 37, 39, 40, 43, 44, 47, 48, 49, 51], "summary": {"covered_lines": 25, "num_statements": 25, "percent_covered": 97.43589743589743, "percent_covered_display": "97", "missing_lines": 0, "excluded_lines": 0, "num_branches": 14, "num_partial_branches": 1, "covered_branches": 13, "missing_branches": 1}, "missing_lines": [], "excluded_lines": [], "executed_branches": [[12, 14], [12, 51], [17, 18], [17, 20], [20, 21], [20, 26], [26, 28], [26, 47], [28, 35], [28, 43], [35, 36], [35, 39], [47, 48]], "missing_branches": [[47, 12]]}}}, "solutions/Problem_8/claude_prompt_2.py": {"executed_lines": [1, 3, 6, 8, 9, 12, 13, 15, 16, 18, 19, 20, 22, 26, 27, 30, 31, 32, 34], "summary": {"covered_lines": 18, "num_statements": 18, "percent_covered": 100.0, "percent_covered_display": "100", "missing_lines": 0, "excluded_lines": 0, "num_branches": 8, "num_partial_branches": 0, "covered_branches": 8, "missing_branches": 0}, "missing_lines": [], "excluded_lines": [], "executed_branches": [[15, 16], [15, 18], [22, 26], [22, 34], [26, 27], [26, 30], [30, 22], [30, 31]], "missing_branches": [], "functions": {"solve": {"executed_lines": [8, 9, 12, 13, 15, 16, 18, 19, 20, 22, 26, 27, 30, 31, 32, 34], "summary": {"covered_lines": 16, "num_statements": 16, "percent_covered": 100.0, "percent_covered_display": "100", "missing_lines": 0, "excluded_lines": 0, "num_branches": 8, "num_partial_branches": 0, "covered_branches": 8, "missing_branches": 0}, "missing_lines": [], "excluded_lines": [], "executed_branches": [[15, 16], [15, 18], [22, 26], [22, 34], [26, 27], [26, 30], [30, 22], [30, 31]], "missing_branches": []}, "": {"executed_lines": [1, 3, 6], "summary": {"covered_lines": 2, "num_statements": 2, "percent_covered": 100.0, "percent_covered_display": "100", "missing_lines": 0, "excluded_lines": 0, "num_branches": 0, "num_partial_branches": 0, "covered_branches": 0, "missing_branches": 0}, "missing_lines": [], "excluded_lines": [], "executed_branches": [], "missing_branches": []}}, "classes": {"": {"executed_lines": [1, 3, 6, 8, 9, 12, 13, 15, 16, 18, 19, 20, 22, 26, 27, 30, 31, 32, 34], "summary": {"covered_lines": 18, "num_statements": 18, "percent_covered": 100.0, "percent_covered_display": "100", "missing_lines": 0, "excluded_lines": 0, "num_branches": 8, "num_partial_branches": 0, "covered_branches": 8, "missing_branches": 0}, "missing_lines": [], "excluded_lines": [], "executed_branches": [[15, 16], [15, 18], [22, 26], [22, 34], [26, 27], [26, 30], [30, 22], [30, 31]], "missing_branches": []}}}, "solutions/Problem_8/gpt_prompt_1.py": {"executed_lines": [1, 3, 6, 9, 10, 13, 14, 15, 17, 18, 20, 21, 23, 24, 26], "summary": {"covered_lines": 14, "num_statements": 14, "percent_covered": 100.0, "percent_covered_display": "100", "missing_lines": 0, "excluded_lines": 0, "num_branches": 6, "num_partial_branches": 0, "covered_branches": 6, "missing_branches": 0}, "missing_lines": [], "excluded_lines": [], "executed_branches": [[14, 15], [14, 17], [20, 21], [20, 26], [23, 20], [23, 24]], "missing_branches": [], "functions": {"solve": {"executed_lines": [9, 10, 13, 14, 15, 17, 18, 20, 21, 23, 24, 26], "summary": {"covered_lines": 12, "num_statements": 12, "percent_covered": 100.0, "percent_covered_display": "100", "missing_lines": 0, "excluded_lines": 0, "num_branches": 6, "num_partial_branches": 0, "covered_branches": 6, "missing_branches": 0}, "missing_lines": [], "excluded_lines": [], "executed_branches": [[14, 15], [14, 17], [20, 21], [20, 26], [23, 20], [23, 24]], "missing_branches": []}, "": {"executed_lines": [1, 3, 6], "summary": {"covered_lines": 2, "num_statements": 2, "percent_covered": 100.0, "percent_covered_display": "100", "missing_lines": 0, "excluded_lines": 0, "num_branches": 0, "num_partial_branches": 0, "covered_branches": 0, "missing_branches": 0}, "missing_lines": [], "excluded_lines": [], "executed_branches": [], "missing_branches": []}}, "classes": {"": {"executed_lines": [1, 3, 6, 9, 10, 13, 14, 15, 17, 18, 20, 21, 23, 24, 26], "summary": {"covered_lines": 14, "num_statements": 14, "percent_covered": 100.0, "percent_covered_display": "100", "missing_lines": 0, "excluded_lines": 0, "num_branches": 6, "num_partial_branches": 0, "covered_branches": 6, "missing_branches": 0}, "missing_lines": [], "excluded_lines": [], "executed_branches": [[14, 15], [14, 17], [20, 21], [20, 26], [23, 20], [23, 24]], "missing_branches": []}}}, "solutions/Problem_8/gpt_prompt_2.py": {"executed_lines": [1, 3, 6, 8, 9, 12, 13, 14, 16, 17, 19, 20, 22, 23, 25], "summary": {"covered_lines": 14, "num_statements": 14, "percent_covered": 100.0, "percent_covered_display": "100", "missing_lines": 0, "excluded_lines": 0, "num_branches": 6, "num_partial_branches": 0, "covered_branches": 6, "missing_branches": 0}, "missing_lines": [], "excluded_lines": [], "executed_branches": [[13, 14], [13, 16], [19, 20], [19, 25], [22, 19], [22, 23]], "missing_branches": [], "functions": {"solve": {"executed_lines": [8, 9, 12, 13, 14, 16, 17, 19, 20, 22, 23, 25], "summary": {"covered_lines": 12, "num_statements": 12, "percent_covered": 100.0, "percent_covered_display": "100", "missing_lines": 0, "excluded_lines": 0, "num_branches": 6, "num_partial_branches": 0, "covered_branches": 6, "missing_branches": 0}, "missing_lines": [], "excluded_lines": [], "executed_branches": [[13, 14], [13, 16], [19, 20], [19, 25], [22, 19], [22, 23]], "missing_branches": []}, "": {"executed_lines": [1, 3, 6], "summary": {"covered_lines": 2, "num_statements": 2, "percent_covered": 100.0, "percent_covered_display": "100", "missing_lines": 0, "excluded_lines": 0, "num_branches": 0, "num_partial_branches": 0, "covered_branches": 0, "missing_branches": 0}, "missing_lines": [], "excluded_lines": [], "executed_branches": [], "missing_branches": []}}, "classes": {"": {"executed_lines": [1, 3, 6, 8, 9, 12, 13, 14, 16, 17, 19, 20, 22, 23, 25], "summary": {"covered_lines": 14, "num_statements": 14, "percent_covered": 100.0, "percent_covered_display": "100", "missing_lines": 0, "excluded_lines": 0, "num_branches": 6, "num_partial_branches": 0, "covered_branches": 6, "missing_branches": 0}, "missing_lines": [], "excluded_lines": [], "executed_branches": [[13, 14], [13, 16], [19, 20], [19, 25], [22, 19], [22, 23]], "missing_branches": []}}}, "solutions/Problem_9/__init__.py": {"executed_lines": [1], "summary": {"covered_lines": 0, "num_statements": 0, "percent_covered": 100.0, "percent_covered_display": "100", "missing_lines": 0, "excluded_lines": 0, "num_branches": 0, "num_partial_branches": 0, "covered_branches": 0, "missing_branches": 0}, "missing_lines": [], "excluded_lines": [], "executed_branches": [], "missing_branches": [], "functions": {"": {"executed_lines": [1], "summary": {"covered_lines": 0, "num_statements": 0, "percent_covered": 100.0, "percent_covered_display": "100", "missing_lines": 0, "excluded_lines": 0, "num_branches": 0, "num_partial_branches": 0, "covered_branches": 0, "missing_branches": 0}, "missing_lines": [], "excluded_lines": [], "executed_branches": [], "missing_branches": []}}, "classes": {"": {"executed_lines": [1], "summary": {"covered_lines": 0, "num_statements": 0, "percent_covered": 100.0, "percent_covered_display": "100", "missing_lines": 0, "excluded_lines": 0, "num_branches": 0, "num_partial_branches": 0, "covered_branches": 0, "missing_branches": 0}, "missing_lines": [], "excluded_lines": [], "executed_branches": [], "missing_branches": []}}}, "solutions/Problem_9/claude_prompt_1.py": {"executed_lines": [1, 3, 6, 8, 9, 10, 12, 13, 14, 16, 17, 18, 20, 21, 22, 23, 24, 25, 26], "summary": {"covered_lines": 18, "num_statements": 18, "percent_covered": 100.0, "percent_covered_display": "100", "missing_lines": 0, "excluded_lines": 0, "num_branches": 6, "num_partial_branches": 0, "covered_branches": 6, "missing_branches": 0}, "missing_lines": [], "excluded_lines": [], "executed_branches": [[17, 18], [17, 20], [22, 16], [22, 23], [25, 16], [25, 26]], "missing_branches": [], "functions": {"solve": {"executed_lines": [8, 12, 13, 14, 16, 17, 18, 20, 21, 22, 23, 24, 25, 26], "summary": {"covered_lines": 14, "num_statements": 14, "percent_covered": 100.0, "percent_covered_display": "100", "missing_lines": 0, "excluded_lines": 0, "num_branches": 6, "num_partial_branches": 0, "covered_branches": 6, "missing_branches": 0}, "missing_lines": [], "excluded_lines": [], "executed_branches": [[17, 18], [17, 20], [22, 16], [22, 23], [25, 16], [25, 26]], "missing_branches": []}, "solve.is_palindrome": {"executed_lines": [9, 10], "summary": {"covered_lines": 2, "num_statements": 2, "percent_covered": 100.0, "percent_covered_display": "100", "missing_lines": 0, "excluded_lines": 0, "num_branches": 0, "num_partial_branches": 0, "covered_branches": 0, "missing_branches": 0}, "missing_lines": [], "excluded_lines": [], "executed_branches": [], "missing_branches": []}, "": {"executed_lines": [1, 3, 6], "summary": {"covered_lines": 2, "num_statements": 2, "percent_covered": 100.0, "percent_covered_display": "100", "missing_lines": 0, "excluded_lines": 0, "num_branches": 0, "num_partial_branches": 0, "covered_branches": 0, "missing_branches": 0}, "missing_lines": [], "excluded_lines": [], "executed_branches": [], "missing_branches": []}}, "classes": {"": {"executed_lines": [1, 3, 6, 8, 9, 10, 12, 13, 14, 16, 17, 18, 20, 21, 22, 23, 24, 25, 26], "summary": {"covered_lines": 18, "num_statements": 18, "percent_covered": 100.0, "percent_covered_display": "100", "missing_lines": 0, "excluded_lines": 0, "num_branches": 6, "num_partial_branches": 0, "covered_branches": 6, "missing_branches": 0}, "missing_lines": [], "excluded_lines": [], "executed_branches": [[17, 18], [17, 20], [22, 16], [22, 23], [25, 16], [25, 26]], "missing_branches": []}}}, "solutions/Problem_9/claude_prompt_2.py": {"executed_lines": [1, 3, 6, 8, 9, 10, 12, 13, 14, 16, 17, 18, 20, 21, 22, 23, 24, 25, 26], "summary": {"covered_lines": 18, "num_statements": 18, "percent_covered": 100.0, "percent_covered_display": "100", "missing_lines": 0, "excluded_lines": 0, "num_branches": 6, "num_partial_branches": 0, "covered_branches": 6, "missing_branches": 0}, "missing_lines": [], "excluded_lines": [], "executed_branches": [[17, 18], [17, 20], [22, 16], [22, 23], [25, 16], [25, 26]], "missing_branches": [], "functions": {"solve": {"executed_lines": [8, 12, 13, 14, 16, 17, 18, 20, 21, 22, 23, 24, 25, 26], "summary": {"covered_lines": 14, "num_statements": 14, "percent_covered": 100.0, "percent_covered_display": "100", "missing_lines": 0, "excluded_lines": 0, "num_branches": 6, "num_partial_branches": 0, "covered_branches": 6, "missing_branches": 0}, "missing_lines": [], "excluded_lines": [], "executed_branches": [[17, 18], [17, 20], [22, 16], [22, 23], [25, 16], [25, 26]], "missing_branches": []}, "solve.is_palindrome": {"executed_lines": [9, 10], "summary": {"covered_lines": 2, "num_statements": 2, "percent_covered": 100.0, "percent_covered_display": "100", "missing_lines": 0, "excluded_lines": 0, "num_branches": 0, "num_partial_branches": 0, "covered_branches": 0, "missing_branches": 0}, "missing_lines": [], "excluded_lines": [], "executed_branches": [], "missing_branches": []}, "": {"executed_lines": [1, 3, 6], "summary": {"covered_lines": 2, "num_statements": 2, "percent_covered": 100.0, "percent_covered_display": "100", "missing_lines": 0, "excluded_lines": 0, "num_branches": 0, "num_partial_branches": 0, "covered_branches": 0, "missing_branches": 0}, "missing_lines": [], "excluded_lines": [], "executed_branches": [], "missing_branches": []}}, "classes": {"": {"executed_lines": [1, 3, 6, 8, 9, 10, 12, 13, 14, 16, 17, 18, 20, 21, 22, 23, 24, 25, 26], "summary": {"covered_lines": 18, "num_statements": 18, "percent_covered": 100.0, "percent_covered_display": "100", "missing_lines": 0, "excluded_lines": 0, "num_branches": 6, "num_partial_branches": 0, "covered_branches": 6, "missing_branches": 0}, "missing_lines": [], "excluded_lines": [], "executed_branches": [[17, 18], [17, 20], [22, 16], [22, 23], [25, 16], [25, 26]], "missing_branches": []}}}, "solutions/Problem_9/gpt_prompt_1.py": {"executed_lines": [1, 3, 6, 8, 9, 10, 12, 13, 14, 16, 17, 18, 20, 21, 22, 23, 24, 25, 26], "summary": {"covered_lines": 18, "num_statements": 18, "percent_covered": 100.0, "percent_covered_display": "100", "missing_lines": 0, "excluded_lines": 0, "num_branches": 6, "num_partial_branches": 0, "covered_branches": 6, "missing_branches": 0}, "missing_lines": [], "excluded_lines": [], "executed_branches": [[17, 18], [17, 20], [22, 16], [22, 23], [25, 16], [25, 26]], "missing_branches": [], "functions": {"solve": {"executed_lines": [8, 12, 13, 14, 16, 17, 18, 20, 21, 22, 23, 24, 25, 26], "summary": {"covered_lines": 14, "num_statements": 14, "percent_covered": 100.0, "percent_covered_display": "100", "missing_lines": 0, "excluded_lines": 0, "num_branches": 6, "num_partial_branches": 0, "covered_branches": 6, "missing_branches": 0}, "missing_lines": [], "excluded_lines": [], "executed_branches": [[17, 18], [17, 20], [22, 16], [22, 23], [25, 16], [25, 26]], "missing_branches": []}, "solve.is_palindrome": {"executed_lines": [9, 10], "summary": {"covered_lines": 2, "num_statements": 2, "percent_covered": 100.0, "percent_covered_display": "100", "missing_lines": 0, "excluded_lines": 0, "num_branches": 0, "num_partial_branches": 0, "covered_branches": 0, "missing_branches": 0}, "missing_lines": [], "excluded_lines": [], "executed_branches": [], "missing_branches": []}, "": {"executed_lines": [1, 3, 6], "summary": {"covered_lines": 2, "num_statements": 2, "percent_covered": 100.0, "percent_covered_display": "100", "missing_lines": 0, "excluded_lines": 0, "num_branches": 0, "num_partial_branches": 0, "covered_branches": 0, "missing_branches": 0}, "missing_lines": [], "excluded_lines": [], "executed_branches": [], "missing_branches": []}}, "classes": {"": {"executed_lines": [1, 3, 6, 8, 9, 10, 12, 13, 14, 16, 17, 18, 20, 21, 22, 23, 24, 25, 26], "summary": {"covered_lines": 18, "num_statements": 18, "percent_covered": 100.0, "percent_covered_display": "100", "missing_lines": 0, "excluded_lines": 0, "num_branches": 6, "num_partial_branches": 0, "covered_branches": 6, "missing_branches": 0}, "missing_lines": [], "excluded_lines": [], "executed_branches": [[17, 18], [17, 20], [22, 16], [22, 23], [25, 16], [25, 26]], "missing_branches": []}}}, "solutions/Problem_9/gpt_prompt_2.py": {"executed_lines": [1, 3, 6, 8, 9, 10, 12, 13, 14, 16, 17, 18, 20, 21, 22, 23, 24, 25, 26], "summary": {"covered_lines": 18, "num_statements": 18, "percent_covered": 100.0, "percent_covered_display": "100", "missing_lines": 0, "excluded_lines": 0, "num_branches": 6, "num_partial_branches": 0, "covered_branches": 6, "missing_branches": 0}, "missing_lines": [], "excluded_lines": [], "executed_branches": [[17, 18], [17, 20], [22, 16], [22, 23], [25, 16], [25, 26]], "missing_branches": [], "functions": {"solve": {"executed_lines": [8, 12, 13, 14, 16, 17, 18, 20, 21, 22, 23, 24, 25, 26], "summary": {"covered_lines": 14, "num_statements": 14, "percent_covered": 100.0, "percent_covered_display": "100", "missing_lines": 0, "excluded_lines": 0, "num_branches": 6, "num_partial_branches": 0, "covered_branches": 6, "missing_branches": 0}, "missing_lines": [], "excluded_lines": [], "executed_branches": [[17, 18], [17, 20], [22, 16], [22, 23], [25, 16], [25, 26]], "missing_branches": []}, "solve.is_palindrome": {"executed_lines": [9, 10], "summary": {"covered_lines": 2, "num_statements": 2, "percent_covered": 100.0, "percent_covered_display": "100", "missing_lines": 0, "excluded_lines": 0, "num_branches": 0, "num_partial_branches": 0, "covered_branches": 0, "missing_branches": 0}, "missing_lines": [], "excluded_lines": [], "executed_branches": [], "missing_branches": []}, "": {"executed_lines": [1, 3, 6], "summary": {"covered_lines": 2, "num_statements": 2, "percent_covered": 100.0, "percent_covered_display": "100", "missing_lines": 0, "excluded_lines": 0, "num_branches": 0, "num_partial_branches": 0, "covered_branches": 0, "missing_branches": 0}, "missing_lines": [], "excluded_lines": [], "executed_branches": [], "missing_branches": []}}, "classes": {"": {"executed_lines": [1, 3, 6, 8, 9, 10, 12, 13, 14, 16, 17, 18, 20, 21, 22, 23, 24, 25, 26], "summary": {"covered_lines": 18, "num_statements": 18, "percent_covered": 100.0, "percent_covered_display": "100", "missing_lines": 0, "excluded_lines": 0, "num_branches": 6, "num_partial_branches": 0, "covered_branches": 6, "missing_branches": 0}, "missing_lines": [], "excluded_lines": [], "executed_branches": [[17, 18], [17, 20], [22, 16], [22, 23], [25, 16], [25, 26]], "missing_branches": []}}}, "solutions/__init__.py": {"executed_lines": [1, 3, 5, 6, 9], "summary": {"covered_lines": 4, "num_statements": 10, "percent_covered": 33.333333333333336, "percent_covered_display": "33", "missing_lines": 6, "excluded_lines": 2, "num_branches": 2, "num_partial_branches": 0, "covered_branches": 0, "missing_branches": 2}, "missing_lines": [11, 12, 13, 19, 20, 22], "excluded_lines": [14, 15], "executed_branches": [], "missing_branches": [[19, 20], [19, 22]], "functions": {"load_solution_module": {"executed_lines": [], "summary": {"covered_lines": 0, "num_statements": 6, "percent_covered": 0.0, "percent_covered_display": "0", "missing_lines": 6, "excluded_lines": 2, "num_branches": 2, "num_partial_branches": 0, "covered_branches": 0, "missing_branches": 2}, "missing_lines": [11, 12, 13, 19, 20, 22], "excluded_lines": [14, 15], "executed_branches": [], "missing_branches": [[19, 20], [19, 22]]}, "": {"executed_lines": [1, 3, 5, 6, 9], "summary": {"covered_lines": 4, "num_statements": 4, "percent_covered": 100.0, "percent_covered_display": "100", "missing_lines": 0, "excluded_lines": 0, "num_branches": 0, "num_partial_branches": 0, "covered_branches": 0, "missing_branches": 0}, "missing_lines": [], "excluded_lines": [], "executed_branches": [], "missing_branches": []}}, "classes": {"": {"executed_lines": [1, 3, 5, 6, 9], "summary": {"covered_lines": 4, "num_statements": 10, "percent_covered": 33.333333333333336, "percent_covered_display": "33", "missing_lines": 6, "excluded_lines": 2, "num_branches": 2, "num_partial_branches": 0, "covered_branches": 0, "missing_branches": 2}, "missing_lines": [11, 12, 13, 19, 20, 22], "excluded_lines": [14, 15], "executed_branches": [], "missing_branches": [[19, 20], [19, 22]]}}}}, "totals": {"covered_lines": 691, "num_statements": 711, "percent_covered": 96.29990262901656, "percent_covered_display": "96", "missing_lines": 20, "excluded_lines": 2, "num_branches": 316, "num_partial_branches": 16, "covered_branches": 298, "missing_branches": 18}}